#
# There is insufficient memory for the Java Runtime Environment to continue.
# Native memory allocation (malloc) failed to allocate 2257936 bytes. Error detail: Chunk::new
# Possible reasons:
#   The system is out of physical RAM or swap space
#   This process is running with CompressedOops enabled, and the Java Heap may be blocking the growth of the native heap
# Possible solutions:
#   Reduce memory load on the system
#   Increase physical memory or swap space
#   Check if swap backing store is full
#   Decrease Java heap size (-Xmx/-Xms)
#   Decrease number of Java threads
#   Decrease Java thread stack sizes (-Xss)
#   Set larger code cache with -XX:ReservedCodeCacheSize=
#   JVM is running with Unscaled Compressed Oops mode in which the Java heap is
#     placed in the first 4GB address space. The Java Heap base address is the
#     maximum limit for the native heap growth. Please use -XX:HeapBaseMinAddress
#     to set the Java Heap base and to place the Java Heap above 4GB virtual address.
# This output file may be truncated or incomplete.
#
#  Out of Memory Error (arena.cpp:191), pid=7352, tid=16212
#
# JRE version: OpenJDK Runtime Environment Temurin-17.0.13+11 (17.0.13+11) (build 17.0.13+11)
# Java VM: OpenJDK 64-Bit Server VM Temurin-17.0.13+11 (17.0.13+11, mixed mode, tiered, compressed oops, compressed class ptrs, parallel gc, windows-amd64)
# No core dump will be written. Minidumps are not enabled by default on client versions of Windows
#

---------------  S U M M A R Y ------------

Command Line: --add-modules=ALL-SYSTEM --add-opens=java.base/java.util=ALL-UNNAMED --add-opens=java.base/java.lang=ALL-UNNAMED --add-opens=java.base/sun.nio.fs=ALL-UNNAMED -Declipse.application=org.eclipse.jdt.ls.core.id1 -Dosgi.bundles.defaultStartLevel=4 -Declipse.product=org.eclipse.jdt.ls.core.product -Djava.import.generatesMetadataFilesAtProjectRoot=false -DDetectVMInstallationsJob.disabled=true -Dfile.encoding=utf8 -XX:+UseParallelGC -XX:GCTimeRatio=4 -XX:AdaptiveSizePolicyWeight=90 -Dsun.zip.disableMemoryMapping=true -Xmx1G -Xms100m -Xlog:disable -javaagent:c:\Users\PRAWIN\.vscode\extensions\redhat.java-1.38.0-win32-x64\lombok\lombok-1.18.34.jar c:\Users\PRAWIN\.vscode\extensions\redhat.java-1.38.0-win32-x64\server\plugins\org.eclipse.equinox.launcher_1.6.900.v20240613-2009.jar -configuration c:\Users\PRAWIN\AppData\Roaming\Code\User\globalStorage\redhat.java\1.38.0\config_ss_win -data c:\Users\PRAWIN\AppData\Roaming\Code\User\workspaceStorage\7a26534d3523c22cb72720f6fbb6f5e5\redhat.java\ss_ws --pipe=\\.\pipe\lsp-26fad91245b0e2c4899cc3c4026f2563-sock

Host: 11th Gen Intel(R) Core(TM) i5-11320H @ 3.20GHz, 8 cores, 7G,  Windows 11 , 64 bit Build 22621 (10.0.22621.4391)
Time: Fri Dec 27 01:15:28 2024 India Standard Time elapsed time: 25.452571 seconds (0d 0h 0m 25s)

---------------  T H R E A D  ---------------

Current thread (0x00000248d26c9960):  JavaThread "C2 CompilerThread0" daemon [_thread_in_native, id=16212, stack(0x000000872cf00000,0x000000872d000000)]


Current CompileTask:
C2:  25452 4081   !   4       org.eclipse.osgi.internal.loader.classpath.ClasspathManager::findLocalClass (210 bytes)

Stack: [0x000000872cf00000,0x000000872d000000]
Native frames: (J=compiled Java code, j=interpreted, Vv=VM code, C=native code)
V  [jvm.dll+0x682a19]
V  [jvm.dll+0x839538]
V  [jvm.dll+0x83afe3]
V  [jvm.dll+0x83b653]
V  [jvm.dll+0x24704f]
V  [jvm.dll+0xace34]
V  [jvm.dll+0xad4cc]
V  [jvm.dll+0x36592f]
V  [jvm.dll+0x1ba989]
V  [jvm.dll+0x2181a7]
V  [jvm.dll+0x21748f]
V  [jvm.dll+0x1a3070]
V  [jvm.dll+0x22788c]
V  [jvm.dll+0x2259eb]
V  [jvm.dll+0x7eec98]
V  [jvm.dll+0x7e8ffc]
V  [jvm.dll+0x6818f7]
C  [ucrtbase.dll+0x29333]
C  [KERNEL32.DLL+0x1259d]
C  [ntdll.dll+0x5af38]


---------------  P R O C E S S  ---------------

Threads class SMR info:
_java_thread_list=0x00000248d5575890, length=33, elements={
0x00000248b95534c0, 0x00000248d2696020, 0x00000248d26981a0, 0x00000248d26c2f20,
0x00000248d26c37f0, 0x00000248d26c42c0, 0x00000248d26c6ca0, 0x00000248d26c9960,
0x00000248d272b310, 0x00000248d272cfe0, 0x00000248d2802390, 0x00000248d3698780,
0x00000248d3c196d0, 0x00000248d3c84f20, 0x00000248d3c85400, 0x00000248d29087b0,
0x00000248d37fc310, 0x00000248d37faed0, 0x00000248d37f9580, 0x00000248d37f9a90,
0x00000248d37fc820, 0x00000248d37fa4b0, 0x00000248d37f9fa0, 0x00000248d37fb3e0,
0x00000248d37fbe00, 0x00000248d37fa9c0, 0x00000248d37f9070, 0x00000248d4e31a70,
0x00000248d4e30120, 0x00000248d4e338d0, 0x00000248d4e342f0, 0x00000248d4e329a0,
0x00000248d4e35c40
}

Java Threads: ( => current thread )
  0x00000248b95534c0 JavaThread "main" [_thread_blocked, id=19224, stack(0x000000872c600000,0x000000872c700000)]
  0x00000248d2696020 JavaThread "Reference Handler" daemon [_thread_blocked, id=7304, stack(0x000000872c900000,0x000000872ca00000)]
  0x00000248d26981a0 JavaThread "Finalizer" daemon [_thread_blocked, id=20768, stack(0x000000872ca00000,0x000000872cb00000)]
  0x00000248d26c2f20 JavaThread "Signal Dispatcher" daemon [_thread_blocked, id=7636, stack(0x000000872cb00000,0x000000872cc00000)]
  0x00000248d26c37f0 JavaThread "Attach Listener" daemon [_thread_blocked, id=10756, stack(0x000000872cc00000,0x000000872cd00000)]
  0x00000248d26c42c0 JavaThread "Service Thread" daemon [_thread_blocked, id=3576, stack(0x000000872cd00000,0x000000872ce00000)]
  0x00000248d26c6ca0 JavaThread "Monitor Deflation Thread" daemon [_thread_blocked, id=20608, stack(0x000000872ce00000,0x000000872cf00000)]
=>0x00000248d26c9960 JavaThread "C2 CompilerThread0" daemon [_thread_in_native, id=16212, stack(0x000000872cf00000,0x000000872d000000)]
  0x00000248d272b310 JavaThread "C1 CompilerThread0" daemon [_thread_blocked, id=20624, stack(0x000000872d000000,0x000000872d100000)]
  0x00000248d272cfe0 JavaThread "Sweeper thread" daemon [_thread_blocked, id=19680, stack(0x000000872d100000,0x000000872d200000)]
  0x00000248d2802390 JavaThread "Common-Cleaner" daemon [_thread_blocked, id=2380, stack(0x000000872d200000,0x000000872d300000)]
  0x00000248d3698780 JavaThread "Notification Thread" daemon [_thread_blocked, id=10580, stack(0x000000872d300000,0x000000872d400000)]
  0x00000248d3c196d0 JavaThread "Active Thread: Equinox Container: 70b1f147-4aae-4dbb-a317-4dd698c84e5d" [_thread_blocked, id=10436, stack(0x000000872db00000,0x000000872dc00000)]
  0x00000248d3c84f20 JavaThread "Framework Event Dispatcher: Equinox Container: 70b1f147-4aae-4dbb-a317-4dd698c84e5d" daemon [_thread_blocked, id=17252, stack(0x000000872dc00000,0x000000872dd00000)]
  0x00000248d3c85400 JavaThread "Start Level: Equinox Container: 70b1f147-4aae-4dbb-a317-4dd698c84e5d" daemon [_thread_blocked, id=20204, stack(0x000000872dd00000,0x000000872de00000)]
  0x00000248d29087b0 JavaThread "SCR Component Actor" daemon [_thread_blocked, id=17540, stack(0x000000872de00000,0x000000872df00000)]
  0x00000248d37fc310 JavaThread "Worker-JM" [_thread_blocked, id=8936, stack(0x000000872e100000,0x000000872e200000)]
  0x00000248d37faed0 JavaThread "JNA Cleaner" daemon [_thread_blocked, id=12004, stack(0x000000872e200000,0x000000872e300000)]
  0x00000248d37f9580 JavaThread "Worker-0" [_thread_blocked, id=18392, stack(0x000000872e300000,0x000000872e400000)]
  0x00000248d37f9a90 JavaThread "Worker-1" [_thread_blocked, id=17048, stack(0x000000872e400000,0x000000872e500000)]
  0x00000248d37fc820 JavaThread "Thread-2" daemon [_thread_in_native, id=12456, stack(0x000000872e500000,0x000000872e600000)]
  0x00000248d37fa4b0 JavaThread "Thread-3" daemon [_thread_in_native, id=16680, stack(0x000000872e600000,0x000000872e700000)]
  0x00000248d37f9fa0 JavaThread "Thread-4" daemon [_thread_in_native, id=4440, stack(0x000000872e700000,0x000000872e800000)]
  0x00000248d37fb3e0 JavaThread "Thread-5" daemon [_thread_in_native, id=2952, stack(0x000000872e800000,0x000000872e900000)]
  0x00000248d37fbe00 JavaThread "Thread-6" daemon [_thread_in_native, id=19076, stack(0x000000872e900000,0x000000872ea00000)]
  0x00000248d37fa9c0 JavaThread "Thread-7" daemon [_thread_in_native, id=12660, stack(0x000000872ea00000,0x000000872eb00000)]
  0x00000248d37f9070 JavaThread "Thread-8" daemon [_thread_in_native, id=11332, stack(0x000000872eb00000,0x000000872ec00000)]
  0x00000248d4e31a70 JavaThread "Thread-9" daemon [_thread_in_native, id=12804, stack(0x000000872ec00000,0x000000872ed00000)]
  0x00000248d4e30120 JavaThread "Thread-10" daemon [_thread_in_native, id=16472, stack(0x000000872ed00000,0x000000872ee00000)]
  0x00000248d4e338d0 JavaThread "pool-2-thread-1" [_thread_blocked, id=11368, stack(0x000000872ee00000,0x000000872ef00000)]
  0x00000248d4e342f0 JavaThread "WorkspaceEventsHandler" [_thread_in_native, id=14532, stack(0x000000872ef00000,0x000000872f000000)]
  0x00000248d4e329a0 JavaThread "pool-1-thread-1" [_thread_blocked, id=5068, stack(0x000000872f000000,0x000000872f100000)]
  0x00000248d4e35c40 JavaThread "Worker-2" [_thread_blocked, id=14708, stack(0x000000872f100000,0x000000872f200000)]

Other Threads:
  0x00000248b95fe830 VMThread "VM Thread" [stack: 0x000000872c800000,0x000000872c900000] [id=8152]
  0x00000248d29c1b20 WatcherThread [stack: 0x000000872d400000,0x000000872d500000] [id=13316]
  0x00000248b956a850 GCTaskThread "GC Thread#0" [stack: 0x000000872c700000,0x000000872c800000] [id=6152]
  0x00000248d3837b40 GCTaskThread "GC Thread#1" [stack: 0x000000872d500000,0x000000872d600000] [id=2592]
  0x00000248d3bc5260 GCTaskThread "GC Thread#2" [stack: 0x000000872d600000,0x000000872d700000] [id=21500]
  0x00000248d3bc5520 GCTaskThread "GC Thread#3" [stack: 0x000000872d700000,0x000000872d800000] [id=17264]
  0x00000248d3bc57e0 GCTaskThread "GC Thread#4" [stack: 0x000000872d800000,0x000000872d900000] [id=8664]
  0x00000248d3bc5aa0 GCTaskThread "GC Thread#5" [stack: 0x000000872d900000,0x000000872da00000] [id=10464]
  0x00000248d3bbbfc0 GCTaskThread "GC Thread#6" [stack: 0x000000872da00000,0x000000872db00000] [id=19228]
  0x00000248d384fc60 GCTaskThread "GC Thread#7" [stack: 0x000000872df00000,0x000000872e000000] [id=6892]

Threads with active compile tasks:
C2 CompilerThread0    25469 4081   !   4       org.eclipse.osgi.internal.loader.classpath.ClasspathManager::findLocalClass (210 bytes)

VM state: not at safepoint (normal execution)

VM Mutex/Monitor currently owned by a thread: None

Heap address: 0x00000000c0000000, size: 1024 MB, Compressed Oops mode: 32-bit

CDS archive(s) not mapped
Compressed class space mapped at: 0x0000000100000000-0x0000000140000000, reserved size: 1073741824
Narrow klass base: 0x0000000000000000, Narrow klass shift: 3, Narrow klass range: 0x140000000

GC Precious Log:
 CPUs: 8 total, 8 available
 Memory: 7975M
 Large Page Support: Disabled
 NUMA Support: Disabled
 Compressed Oops: Enabled (32-bit)
 Alignments: Space 512K, Generation 512K, Heap 2M
 Heap Min Capacity: 100M
 Heap Initial Capacity: 100M
 Heap Max Capacity: 1G
 Pre-touch: Disabled
 Parallel Workers: 8

Heap:
 PSYoungGen      total 18432K, used 669K [0x00000000eab00000, 0x00000000ec180000, 0x0000000100000000)
  eden space 17920K, 1% used [0x00000000eab00000,0x00000000eab576a8,0x00000000ebc80000)
  from space 512K, 62% used [0x00000000ec100000,0x00000000ec150000,0x00000000ec180000)
  to   space 1024K, 0% used [0x00000000ebf80000,0x00000000ebf80000,0x00000000ec080000)
 ParOldGen       total 68608K, used 30373K [0x00000000c0000000, 0x00000000c4300000, 0x00000000eab00000)
  object space 68608K, 44% used [0x00000000c0000000,0x00000000c1da9748,0x00000000c4300000)
 Metaspace       used 42619K, committed 43392K, reserved 1114112K
  class space    used 4278K, committed 4608K, reserved 1048576K

Card table byte_map: [0x00000248b8ee0000,0x00000248b90f0000] _byte_map_base: 0x00000248b88e0000

Marking Bits: (ParMarkBitMap*) 0x00007ffa42ab6940
 Begin Bits: [0x00000248cb1e0000, 0x00000248cc1e0000)
 End Bits:   [0x00000248cc1e0000, 0x00000248cd1e0000)

Polling page: 0x00000248b74a0000

Metaspace:

Usage:
  Non-class:     37.44 MB used.
      Class:      4.18 MB used.
       Both:     41.62 MB used.

Virtual space:
  Non-class space:       64.00 MB reserved,      37.88 MB ( 59%) committed,  1 nodes.
      Class space:        1.00 GB reserved,       4.50 MB ( <1%) committed,  1 nodes.
             Both:        1.06 GB reserved,      42.38 MB (  4%) committed. 

Chunk freelists:
   Non-Class:  10.12 MB
       Class:  11.53 MB
        Both:  21.66 MB

MaxMetaspaceSize: unlimited
CompressedClassSpaceSize: 1.00 GB
Initial GC threshold: 21.00 MB
Current GC threshold: 58.38 MB
CDS: off
MetaspaceReclaimPolicy: balanced
 - commit_granule_bytes: 65536.
 - commit_granule_words: 8192.
 - virtual_space_node_default_size: 8388608.
 - enlarge_chunks_in_place: 1.
 - new_chunks_are_fully_committed: 0.
 - uncommit_free_chunks: 1.
 - use_allocation_guard: 0.
 - handle_deallocations: 1.


Internal statistics:

num_allocs_failed_limit: 8.
num_arena_births: 446.
num_arena_deaths: 14.
num_vsnodes_births: 2.
num_vsnodes_deaths: 0.
num_space_committed: 678.
num_space_uncommitted: 0.
num_chunks_returned_to_freelist: 22.
num_chunks_taken_from_freelist: 1835.
num_chunk_merges: 12.
num_chunk_splits: 1194.
num_chunks_enlarged: 784.
num_inconsistent_stats: 0.

CodeHeap 'non-profiled nmethods': size=120000Kb used=2016Kb max_used=2016Kb free=117983Kb
 bounds [0x00000248c3cb0000, 0x00000248c3f20000, 0x00000248cb1e0000]
CodeHeap 'profiled nmethods': size=120000Kb used=8393Kb max_used=8393Kb free=111606Kb
 bounds [0x00000248bc1e0000, 0x00000248bca20000, 0x00000248c3710000]
CodeHeap 'non-nmethods': size=5760Kb used=1325Kb max_used=1339Kb free=4434Kb
 bounds [0x00000248c3710000, 0x00000248c3980000, 0x00000248c3cb0000]
 total_blobs=4825 nmethods=4171 adapters=567
 compilation: enabled
              stopped_count=0, restarted_count=0
 full_count=0

Compilation events (20 events):
Event: 25.397 Thread 0x00000248d272b310 4182       1       org.eclipse.jdt.internal.compiler.impl.JavaFeature::getCompliance (5 bytes)
Event: 25.397 Thread 0x00000248d272b310 nmethod 4182 0x00000248c3ea7f10 code [0x00000248c3ea80a0, 0x00000248c3ea8178]
Event: 25.399 Thread 0x00000248d272b310 4186       2       java.net.URI::<init> (42 bytes)
Event: 25.399 Thread 0x00000248d272b310 nmethod 4186 0x00000248bca09210 code [0x00000248bca093a0, 0x00000248bca094d8]
Event: 25.401 Thread 0x00000248d272b310 4187       2       java.net.URI::toString (60 bytes)
Event: 25.401 Thread 0x00000248d272b310 nmethod 4187 0x00000248bca09590 code [0x00000248bca09780, 0x00000248bca09ac8]
Event: 25.401 Thread 0x00000248d272b310 4188       2       java.net.URI::appendFragment (27 bytes)
Event: 25.401 Thread 0x00000248d272b310 nmethod 4188 0x00000248bca09d10 code [0x00000248bca09ec0, 0x00000248bca0a068]
Event: 25.401 Thread 0x00000248d272b310 4189       2       java.net.URI::checkPath (38 bytes)
Event: 25.402 Thread 0x00000248d272b310 nmethod 4189 0x00000248bca0a190 code [0x00000248bca0a360, 0x00000248bca0a6c8]
Event: 25.402 Thread 0x00000248d272b310 4190       2       java.net.URI::<init> (51 bytes)
Event: 25.402 Thread 0x00000248d272b310 nmethod 4190 0x00000248bca0a910 code [0x00000248bca0aac0, 0x00000248bca0ad68]
Event: 25.410 Thread 0x00000248d272b310 4191       2       org.eclipse.osgi.internal.loader.classpath.ClasspathEntry::findResource (65 bytes)
Event: 25.410 Thread 0x00000248d272b310 nmethod 4191 0x00000248bca0ae90 code [0x00000248bca0b080, 0x00000248bca0b368]
Event: 25.410 Thread 0x00000248d272b310 4192       2       org.eclipse.osgi.storage.bundlefile.BundleFile::getResourceURL (24 bytes)
Event: 25.410 Thread 0x00000248d272b310 nmethod 4192 0x00000248bca0b590 code [0x00000248bca0b740, 0x00000248bca0b8f8]
Event: 25.419 Thread 0x00000248d272b310 4193       2       java.net.URLStreamHandler::parseURL (1201 bytes)
Event: 25.426 Thread 0x00000248d272b310 nmethod 4193 0x00000248bca0ba10 code [0x00000248bca0c280, 0x00000248bca0f848]
Event: 25.442 Thread 0x00000248d272b310 4194       2       java.net.URI::<init> (23 bytes)
Event: 25.442 Thread 0x00000248d272b310 nmethod 4194 0x00000248bca12190 code [0x00000248bca12320, 0x00000248bca124e8]

GC Heap History (20 events):
Event: 12.799 GC heap before
{Heap before GC invocations=10 (full 1):
 PSYoungGen      total 28160K, used 11302K [0x00000000eab00000, 0x00000000ecc00000, 0x0000000100000000)
  eden space 23552K, 29% used [0x00000000eab00000,0x00000000eb1acfa8,0x00000000ec200000)
  from space 4608K, 96% used [0x00000000ec780000,0x00000000ecbdcb10,0x00000000ecc00000)
  to   space 4608K, 0% used [0x00000000ec300000,0x00000000ec300000,0x00000000ec780000)
 ParOldGen       total 68608K, used 8128K [0x00000000c0000000, 0x00000000c4300000, 0x00000000eab00000)
  object space 68608K, 11% used [0x00000000c0000000,0x00000000c07f0310,0x00000000c4300000)
 Metaspace       used 35251K, committed 35840K, reserved 1114112K
  class space    used 3520K, committed 3776K, reserved 1048576K
}
Event: 12.802 GC heap after
{Heap after GC invocations=10 (full 1):
 PSYoungGen      total 26624K, used 2826K [0x00000000eab00000, 0x00000000ec900000, 0x0000000100000000)
  eden space 23552K, 0% used [0x00000000eab00000,0x00000000eab00000,0x00000000ec200000)
  from space 3072K, 91% used [0x00000000ec300000,0x00000000ec5c2820,0x00000000ec600000)
  to   space 3072K, 0% used [0x00000000ec600000,0x00000000ec600000,0x00000000ec900000)
 ParOldGen       total 68608K, used 9799K [0x00000000c0000000, 0x00000000c4300000, 0x00000000eab00000)
  object space 68608K, 14% used [0x00000000c0000000,0x00000000c0991df8,0x00000000c4300000)
 Metaspace       used 35251K, committed 35840K, reserved 1114112K
  class space    used 3520K, committed 3776K, reserved 1048576K
}
Event: 12.802 GC heap before
{Heap before GC invocations=11 (full 2):
 PSYoungGen      total 26624K, used 2826K [0x00000000eab00000, 0x00000000ec900000, 0x0000000100000000)
  eden space 23552K, 0% used [0x00000000eab00000,0x00000000eab00000,0x00000000ec200000)
  from space 3072K, 91% used [0x00000000ec300000,0x00000000ec5c2820,0x00000000ec600000)
  to   space 3072K, 0% used [0x00000000ec600000,0x00000000ec600000,0x00000000ec900000)
 ParOldGen       total 68608K, used 9799K [0x00000000c0000000, 0x00000000c4300000, 0x00000000eab00000)
  object space 68608K, 14% used [0x00000000c0000000,0x00000000c0991df8,0x00000000c4300000)
 Metaspace       used 35251K, committed 35840K, reserved 1114112K
  class space    used 3520K, committed 3776K, reserved 1048576K
}
Event: 12.822 GC heap after
{Heap after GC invocations=11 (full 2):
 PSYoungGen      total 26624K, used 0K [0x00000000eab00000, 0x00000000ec900000, 0x0000000100000000)
  eden space 23552K, 0% used [0x00000000eab00000,0x00000000eab00000,0x00000000ec200000)
  from space 3072K, 0% used [0x00000000ec300000,0x00000000ec300000,0x00000000ec600000)
  to   space 3072K, 0% used [0x00000000ec600000,0x00000000ec600000,0x00000000ec900000)
 ParOldGen       total 68608K, used 12282K [0x00000000c0000000, 0x00000000c4300000, 0x00000000eab00000)
  object space 68608K, 17% used [0x00000000c0000000,0x00000000c0bfe908,0x00000000c4300000)
 Metaspace       used 35251K, committed 35840K, reserved 1114112K
  class space    used 3520K, committed 3776K, reserved 1048576K
}
Event: 23.715 GC heap before
{Heap before GC invocations=12 (full 2):
 PSYoungGen      total 26624K, used 23552K [0x00000000eab00000, 0x00000000ec900000, 0x0000000100000000)
  eden space 23552K, 100% used [0x00000000eab00000,0x00000000ec200000,0x00000000ec200000)
  from space 3072K, 0% used [0x00000000ec300000,0x00000000ec300000,0x00000000ec600000)
  to   space 3072K, 0% used [0x00000000ec600000,0x00000000ec600000,0x00000000ec900000)
 ParOldGen       total 68608K, used 12282K [0x00000000c0000000, 0x00000000c4300000, 0x00000000eab00000)
  object space 68608K, 17% used [0x00000000c0000000,0x00000000c0bfe908,0x00000000c4300000)
 Metaspace       used 38213K, committed 38976K, reserved 1114112K
  class space    used 3852K, committed 4160K, reserved 1048576K
}
Event: 23.716 GC heap after
{Heap after GC invocations=12 (full 2):
 PSYoungGen      total 25600K, used 2147K [0x00000000eab00000, 0x00000000ec880000, 0x0000000100000000)
  eden space 23040K, 0% used [0x00000000eab00000,0x00000000eab00000,0x00000000ec180000)
  from space 2560K, 83% used [0x00000000ec600000,0x00000000ec818ec8,0x00000000ec880000)
  to   space 2560K, 0% used [0x00000000ec380000,0x00000000ec380000,0x00000000ec600000)
 ParOldGen       total 68608K, used 12290K [0x00000000c0000000, 0x00000000c4300000, 0x00000000eab00000)
  object space 68608K, 17% used [0x00000000c0000000,0x00000000c0c00908,0x00000000c4300000)
 Metaspace       used 38213K, committed 38976K, reserved 1114112K
  class space    used 3852K, committed 4160K, reserved 1048576K
}
Event: 23.986 GC heap before
{Heap before GC invocations=13 (full 2):
 PSYoungGen      total 25600K, used 25187K [0x00000000eab00000, 0x00000000ec880000, 0x0000000100000000)
  eden space 23040K, 100% used [0x00000000eab00000,0x00000000ec180000,0x00000000ec180000)
  from space 2560K, 83% used [0x00000000ec600000,0x00000000ec818ec8,0x00000000ec880000)
  to   space 2560K, 0% used [0x00000000ec380000,0x00000000ec380000,0x00000000ec600000)
 ParOldGen       total 68608K, used 12290K [0x00000000c0000000, 0x00000000c4300000, 0x00000000eab00000)
  object space 68608K, 17% used [0x00000000c0000000,0x00000000c0c00908,0x00000000c4300000)
 Metaspace       used 38598K, committed 39360K, reserved 1114112K
  class space    used 3906K, committed 4224K, reserved 1048576K
}
Event: 23.992 GC heap after
{Heap after GC invocations=13 (full 2):
 PSYoungGen      total 25088K, used 2385K [0x00000000eab00000, 0x00000000ec680000, 0x0000000100000000)
  eden space 22528K, 0% used [0x00000000eab00000,0x00000000eab00000,0x00000000ec100000)
  from space 2560K, 93% used [0x00000000ec380000,0x00000000ec5d4420,0x00000000ec600000)
  to   space 512K, 0% used [0x00000000ec600000,0x00000000ec600000,0x00000000ec680000)
 ParOldGen       total 68608K, used 14260K [0x00000000c0000000, 0x00000000c4300000, 0x00000000eab00000)
  object space 68608K, 20% used [0x00000000c0000000,0x00000000c0ded030,0x00000000c4300000)
 Metaspace       used 38598K, committed 39360K, reserved 1114112K
  class space    used 3906K, committed 4224K, reserved 1048576K
}
Event: 24.137 GC heap before
{Heap before GC invocations=14 (full 2):
 PSYoungGen      total 25088K, used 24913K [0x00000000eab00000, 0x00000000ec680000, 0x0000000100000000)
  eden space 22528K, 100% used [0x00000000eab00000,0x00000000ec100000,0x00000000ec100000)
  from space 2560K, 93% used [0x00000000ec380000,0x00000000ec5d4420,0x00000000ec600000)
  to   space 512K, 0% used [0x00000000ec600000,0x00000000ec600000,0x00000000ec680000)
 ParOldGen       total 68608K, used 14260K [0x00000000c0000000, 0x00000000c4300000, 0x00000000eab00000)
  object space 68608K, 20% used [0x00000000c0000000,0x00000000c0ded030,0x00000000c4300000)
 Metaspace       used 38647K, committed 39424K, reserved 1114112K
  class space    used 3906K, committed 4224K, reserved 1048576K
}
Event: 24.143 GC heap after
{Heap after GC invocations=14 (full 2):
 PSYoungGen      total 22528K, used 512K [0x00000000eab00000, 0x00000000eca80000, 0x0000000100000000)
  eden space 22016K, 0% used [0x00000000eab00000,0x00000000eab00000,0x00000000ec080000)
  from space 512K, 100% used [0x00000000ec600000,0x00000000ec680000,0x00000000ec680000)
  to   space 5120K, 0% used [0x00000000ec080000,0x00000000ec080000,0x00000000ec580000)
 ParOldGen       total 68608K, used 18222K [0x00000000c0000000, 0x00000000c4300000, 0x00000000eab00000)
  object space 68608K, 26% used [0x00000000c0000000,0x00000000c11cb850,0x00000000c4300000)
 Metaspace       used 38647K, committed 39424K, reserved 1114112K
  class space    used 3906K, committed 4224K, reserved 1048576K
}
Event: 24.350 GC heap before
{Heap before GC invocations=15 (full 2):
 PSYoungGen      total 22528K, used 22528K [0x00000000eab00000, 0x00000000eca80000, 0x0000000100000000)
  eden space 22016K, 100% used [0x00000000eab00000,0x00000000ec080000,0x00000000ec080000)
  from space 512K, 100% used [0x00000000ec600000,0x00000000ec680000,0x00000000ec680000)
  to   space 5120K, 0% used [0x00000000ec080000,0x00000000ec080000,0x00000000ec580000)
 ParOldGen       total 68608K, used 18222K [0x00000000c0000000, 0x00000000c4300000, 0x00000000eab00000)
  object space 68608K, 26% used [0x00000000c0000000,0x00000000c11cb850,0x00000000c4300000)
 Metaspace       used 38756K, committed 39488K, reserved 1114112K
  class space    used 3919K, committed 4224K, reserved 1048576K
}
Event: 24.354 GC heap after
{Heap after GC invocations=15 (full 2):
 PSYoungGen      total 24576K, used 2304K [0x00000000eab00000, 0x00000000ec780000, 0x0000000100000000)
  eden space 22016K, 0% used [0x00000000eab00000,0x00000000eab00000,0x00000000ec080000)
  from space 2560K, 90% used [0x00000000ec080000,0x00000000ec2c0000,0x00000000ec300000)
  to   space 3584K, 0% used [0x00000000ec400000,0x00000000ec400000,0x00000000ec780000)
 ParOldGen       total 68608K, used 18738K [0x00000000c0000000, 0x00000000c4300000, 0x00000000eab00000)
  object space 68608K, 27% used [0x00000000c0000000,0x00000000c124cba8,0x00000000c4300000)
 Metaspace       used 38756K, committed 39488K, reserved 1114112K
  class space    used 3919K, committed 4224K, reserved 1048576K
}
Event: 24.544 GC heap before
{Heap before GC invocations=16 (full 2):
 PSYoungGen      total 24576K, used 24320K [0x00000000eab00000, 0x00000000ec780000, 0x0000000100000000)
  eden space 22016K, 100% used [0x00000000eab00000,0x00000000ec080000,0x00000000ec080000)
  from space 2560K, 90% used [0x00000000ec080000,0x00000000ec2c0000,0x00000000ec300000)
  to   space 3584K, 0% used [0x00000000ec400000,0x00000000ec400000,0x00000000ec780000)
 ParOldGen       total 68608K, used 18738K [0x00000000c0000000, 0x00000000c4300000, 0x00000000eab00000)
  object space 68608K, 27% used [0x00000000c0000000,0x00000000c124cba8,0x00000000c4300000)
 Metaspace       used 38756K, committed 39488K, reserved 1114112K
  class space    used 3919K, committed 4224K, reserved 1048576K
}
Event: 24.549 GC heap after
{Heap after GC invocations=16 (full 2):
 PSYoungGen      total 25600K, used 2980K [0x00000000eab00000, 0x00000000ec780000, 0x0000000100000000)
  eden space 22016K, 0% used [0x00000000eab00000,0x00000000eab00000,0x00000000ec080000)
  from space 3584K, 83% used [0x00000000ec400000,0x00000000ec6e9010,0x00000000ec780000)
  to   space 3584K, 0% used [0x00000000ec080000,0x00000000ec080000,0x00000000ec400000)
 ParOldGen       total 68608K, used 20895K [0x00000000c0000000, 0x00000000c4300000, 0x00000000eab00000)
  object space 68608K, 30% used [0x00000000c0000000,0x00000000c1467eb8,0x00000000c4300000)
 Metaspace       used 38756K, committed 39488K, reserved 1114112K
  class space    used 3919K, committed 4224K, reserved 1048576K
}
Event: 24.622 GC heap before
{Heap before GC invocations=17 (full 2):
 PSYoungGen      total 25600K, used 24996K [0x00000000eab00000, 0x00000000ec780000, 0x0000000100000000)
  eden space 22016K, 100% used [0x00000000eab00000,0x00000000ec080000,0x00000000ec080000)
  from space 3584K, 83% used [0x00000000ec400000,0x00000000ec6e9010,0x00000000ec780000)
  to   space 3584K, 0% used [0x00000000ec080000,0x00000000ec080000,0x00000000ec400000)
 ParOldGen       total 68608K, used 20895K [0x00000000c0000000, 0x00000000c4300000, 0x00000000eab00000)
  object space 68608K, 30% used [0x00000000c0000000,0x00000000c1467eb8,0x00000000c4300000)
 Metaspace       used 38763K, committed 39552K, reserved 1114112K
  class space    used 3919K, committed 4224K, reserved 1048576K
}
Event: 24.627 GC heap after
{Heap after GC invocations=17 (full 2):
 PSYoungGen      total 24576K, used 2456K [0x00000000eab00000, 0x00000000ec680000, 0x0000000100000000)
  eden space 22016K, 0% used [0x00000000eab00000,0x00000000eab00000,0x00000000ec080000)
  from space 2560K, 95% used [0x00000000ec080000,0x00000000ec2e6200,0x00000000ec300000)
  to   space 3072K, 0% used [0x00000000ec380000,0x00000000ec380000,0x00000000ec680000)
 ParOldGen       total 68608K, used 23699K [0x00000000c0000000, 0x00000000c4300000, 0x00000000eab00000)
  object space 68608K, 34% used [0x00000000c0000000,0x00000000c1724ec8,0x00000000c4300000)
 Metaspace       used 38763K, committed 39552K, reserved 1114112K
  class space    used 3919K, committed 4224K, reserved 1048576K
}
Event: 25.105 GC heap before
{Heap before GC invocations=18 (full 2):
 PSYoungGen      total 24576K, used 24472K [0x00000000eab00000, 0x00000000ec680000, 0x0000000100000000)
  eden space 22016K, 100% used [0x00000000eab00000,0x00000000ec080000,0x00000000ec080000)
  from space 2560K, 95% used [0x00000000ec080000,0x00000000ec2e6200,0x00000000ec300000)
  to   space 3072K, 0% used [0x00000000ec380000,0x00000000ec380000,0x00000000ec680000)
 ParOldGen       total 68608K, used 23699K [0x00000000c0000000, 0x00000000c4300000, 0x00000000eab00000)
  object space 68608K, 34% used [0x00000000c0000000,0x00000000c1724ec8,0x00000000c4300000)
 Metaspace       used 41065K, committed 41856K, reserved 1114112K
  class space    used 4160K, committed 4480K, reserved 1048576K
}
Event: 25.109 GC heap after
{Heap after GC invocations=18 (full 2):
 PSYoungGen      total 20992K, used 3057K [0x00000000eab00000, 0x00000000ece80000, 0x0000000100000000)
  eden space 17920K, 0% used [0x00000000eab00000,0x00000000eab00000,0x00000000ebc80000)
  from space 3072K, 99% used [0x00000000ec380000,0x00000000ec67c7d0,0x00000000ec680000)
  to   space 7168K, 0% used [0x00000000ebc80000,0x00000000ebc80000,0x00000000ec380000)
 ParOldGen       total 68608K, used 27031K [0x00000000c0000000, 0x00000000c4300000, 0x00000000eab00000)
  object space 68608K, 39% used [0x00000000c0000000,0x00000000c1a65fc0,0x00000000c4300000)
 Metaspace       used 41065K, committed 41856K, reserved 1114112K
  class space    used 4160K, committed 4480K, reserved 1048576K
}
Event: 25.216 GC heap before
{Heap before GC invocations=19 (full 2):
 PSYoungGen      total 20992K, used 20977K [0x00000000eab00000, 0x00000000ece80000, 0x0000000100000000)
  eden space 17920K, 100% used [0x00000000eab00000,0x00000000ebc80000,0x00000000ebc80000)
  from space 3072K, 99% used [0x00000000ec380000,0x00000000ec67c7d0,0x00000000ec680000)
  to   space 7168K, 0% used [0x00000000ebc80000,0x00000000ebc80000,0x00000000ec380000)
 ParOldGen       total 68608K, used 27031K [0x00000000c0000000, 0x00000000c4300000, 0x00000000eab00000)
  object space 68608K, 39% used [0x00000000c0000000,0x00000000c1a65fc0,0x00000000c4300000)
 Metaspace       used 41093K, committed 41920K, reserved 1114112K
  class space    used 4160K, committed 4480K, reserved 1048576K
}
Event: 25.219 GC heap after
{Heap after GC invocations=19 (full 2):
 PSYoungGen      total 19456K, used 1157K [0x00000000eab00000, 0x00000000ec400000, 0x0000000100000000)
  eden space 17920K, 0% used [0x00000000eab00000,0x00000000eab00000,0x00000000ebc80000)
  from space 1536K, 75% used [0x00000000ebc80000,0x00000000ebda14b8,0x00000000ebe00000)
  to   space 3072K, 0% used [0x00000000ec100000,0x00000000ec100000,0x00000000ec400000)
 ParOldGen       total 68608K, used 30109K [0x00000000c0000000, 0x00000000c4300000, 0x00000000eab00000)
  object space 68608K, 43% used [0x00000000c0000000,0x00000000c1d676b0,0x00000000c4300000)
 Metaspace       used 41093K, committed 41920K, reserved 1114112K
  class space    used 4160K, committed 4480K, reserved 1048576K
}

Dll operation events (10 events):
Event: 0.178 Loaded shared library c:\Users\PRAWIN\.vscode\extensions\redhat.java-1.38.0-win32-x64\jre\17.0.13-win32-x86_64\bin\java.dll
Event: 0.497 Loaded shared library c:\Users\PRAWIN\.vscode\extensions\redhat.java-1.38.0-win32-x64\jre\17.0.13-win32-x86_64\bin\zip.dll
Event: 0.500 Loaded shared library C:\Users\PRAWIN\.vscode\extensions\redhat.java-1.38.0-win32-x64\jre\17.0.13-win32-x86_64\bin\instrument.dll
Event: 0.545 Loaded shared library C:\Users\PRAWIN\.vscode\extensions\redhat.java-1.38.0-win32-x64\jre\17.0.13-win32-x86_64\bin\net.dll
Event: 0.547 Loaded shared library C:\Users\PRAWIN\.vscode\extensions\redhat.java-1.38.0-win32-x64\jre\17.0.13-win32-x86_64\bin\nio.dll
Event: 0.555 Loaded shared library C:\Users\PRAWIN\.vscode\extensions\redhat.java-1.38.0-win32-x64\jre\17.0.13-win32-x86_64\bin\zip.dll
Event: 0.594 Loaded shared library C:\Users\PRAWIN\.vscode\extensions\redhat.java-1.38.0-win32-x64\jre\17.0.13-win32-x86_64\bin\jimage.dll
Event: 0.675 Loaded shared library c:\Users\PRAWIN\.vscode\extensions\redhat.java-1.38.0-win32-x64\jre\17.0.13-win32-x86_64\bin\verify.dll
Event: 9.765 Loaded shared library C:\Users\PRAWIN\AppData\Roaming\Code\User\globalStorage\redhat.java\1.38.0\config_ss_win\org.eclipse.equinox.launcher\org.eclipse.equinox.launcher.win32.win32.x86_64_1.2.1100.v20240722-2106\eclipse_11904.dll
Event: 11.541 Loaded shared library C:\Users\PRAWIN\AppData\Local\Temp\jna--1926884131\jna3627836665761913812.dll

Deoptimization events (20 events):
Event: 25.067 Thread 0x00000248d4e342f0 DEOPT PACKING pc=0x00000248bc2571e1 sp=0x000000872effbc90
Event: 25.067 Thread 0x00000248d4e342f0 DEOPT UNPACKING pc=0x00000248c376a9e3 sp=0x000000872effb188 mode 0
Event: 25.122 Thread 0x00000248d4e342f0 Uncommon trap: trap_request=0xffffffde fr.pc=0x00000248c3dbaaa0 relative=0x0000000000008640
Event: 25.122 Thread 0x00000248d4e342f0 Uncommon trap: reason=class_check action=maybe_recompile pc=0x00000248c3dbaaa0 method=lombok.patcher.PatchScript$MethodPatcher.visitMethod(ILjava/lang/String;Ljava/lang/String;Ljava/lang/String;[Ljava/lang/String;)Lorg/lombokweb/asm/MethodVisitor; @ 101 c
Event: 25.122 Thread 0x00000248d4e342f0 DEOPT PACKING pc=0x00000248c3dbaaa0 sp=0x000000872eff9900
Event: 25.122 Thread 0x00000248d4e342f0 DEOPT UNPACKING pc=0x00000248c3769ea3 sp=0x000000872eff98b8 mode 2
Event: 25.123 Thread 0x00000248d4e342f0 Uncommon trap: trap_request=0xffffffde fr.pc=0x00000248c3dbaaa0 relative=0x0000000000008640
Event: 25.123 Thread 0x00000248d4e342f0 Uncommon trap: reason=class_check action=maybe_recompile pc=0x00000248c3dbaaa0 method=lombok.patcher.PatchScript$MethodPatcher.visitMethod(ILjava/lang/String;Ljava/lang/String;Ljava/lang/String;[Ljava/lang/String;)Lorg/lombokweb/asm/MethodVisitor; @ 101 c
Event: 25.123 Thread 0x00000248d4e342f0 DEOPT PACKING pc=0x00000248c3dbaaa0 sp=0x000000872eff9900
Event: 25.123 Thread 0x00000248d4e342f0 DEOPT UNPACKING pc=0x00000248c3769ea3 sp=0x000000872eff98b8 mode 2
Event: 25.123 Thread 0x00000248d4e342f0 Uncommon trap: trap_request=0xffffffde fr.pc=0x00000248c3dbaaa0 relative=0x0000000000008640
Event: 25.123 Thread 0x00000248d4e342f0 Uncommon trap: reason=class_check action=maybe_recompile pc=0x00000248c3dbaaa0 method=lombok.patcher.PatchScript$MethodPatcher.visitMethod(ILjava/lang/String;Ljava/lang/String;Ljava/lang/String;[Ljava/lang/String;)Lorg/lombokweb/asm/MethodVisitor; @ 101 c
Event: 25.123 Thread 0x00000248d4e342f0 DEOPT PACKING pc=0x00000248c3dbaaa0 sp=0x000000872eff9900
Event: 25.123 Thread 0x00000248d4e342f0 DEOPT UNPACKING pc=0x00000248c3769ea3 sp=0x000000872eff98b8 mode 2
Event: 25.123 Thread 0x00000248d4e342f0 Uncommon trap: trap_request=0xffffffde fr.pc=0x00000248c3dbaaa0 relative=0x0000000000008640
Event: 25.123 Thread 0x00000248d4e342f0 Uncommon trap: reason=class_check action=maybe_recompile pc=0x00000248c3dbaaa0 method=lombok.patcher.PatchScript$MethodPatcher.visitMethod(ILjava/lang/String;Ljava/lang/String;Ljava/lang/String;[Ljava/lang/String;)Lorg/lombokweb/asm/MethodVisitor; @ 101 c
Event: 25.123 Thread 0x00000248d4e342f0 DEOPT PACKING pc=0x00000248c3dbaaa0 sp=0x000000872eff9900
Event: 25.123 Thread 0x00000248d4e342f0 DEOPT UNPACKING pc=0x00000248c3769ea3 sp=0x000000872eff98b8 mode 2
Event: 25.421 Thread 0x00000248d4e342f0 DEOPT PACKING pc=0x00000248bc2571e1 sp=0x000000872effcbc0
Event: 25.421 Thread 0x00000248d4e342f0 DEOPT UNPACKING pc=0x00000248c376a9e3 sp=0x000000872effc0b8 mode 0

Classes loaded (20 events):
Event: 23.651 Loading class java/lang/runtime/ObjectMethods$1
Event: 23.651 Loading class java/lang/runtime/ObjectMethods$1 done
Event: 23.659 Loading class java/lang/invoke/DirectMethodHandle$1
Event: 23.659 Loading class java/lang/invoke/DirectMethodHandle$1 done
Event: 23.669 Loading class java/util/regex/Pattern$BackRef
Event: 23.669 Loading class java/util/regex/Pattern$BackRef done
Event: 23.737 Loading class java/util/AbstractList$ListItr
Event: 23.737 Loading class java/util/AbstractList$ListItr done
Event: 23.761 Loading class java/nio/channels/Channels$ReadableByteChannelImpl
Event: 23.761 Loading class java/nio/channels/Channels$ReadableByteChannelImpl done
Event: 23.764 Loading class java/nio/channels/NonWritableChannelException
Event: 23.764 Loading class java/nio/channels/NonWritableChannelException done
Event: 24.732 Loading class java/lang/UnsupportedClassVersionError
Event: 24.733 Loading class java/lang/UnsupportedClassVersionError done
Event: 24.734 Loading class java/io/FileReader
Event: 24.734 Loading class java/io/FileReader done
Event: 24.752 Loading class jdk/internal/reflect/UnsafeQualifiedStaticIntegerFieldAccessorImpl
Event: 24.753 Loading class jdk/internal/reflect/UnsafeQualifiedStaticIntegerFieldAccessorImpl done
Event: 24.773 Loading class java/lang/ExceptionInInitializerError
Event: 24.773 Loading class java/lang/ExceptionInInitializerError done

Classes unloaded (7 events):
Event: 10.678 Thread 0x00000248b95fe830 Unloading class 0x0000000100218000 'java/lang/invoke/LambdaForm$MH+0x0000000100218000'
Event: 10.678 Thread 0x00000248b95fe830 Unloading class 0x0000000100217c00 'java/lang/invoke/LambdaForm$MH+0x0000000100217c00'
Event: 10.678 Thread 0x00000248b95fe830 Unloading class 0x0000000100217800 'java/lang/invoke/LambdaForm$MH+0x0000000100217800'
Event: 10.678 Thread 0x00000248b95fe830 Unloading class 0x0000000100217400 'java/lang/invoke/LambdaForm$MH+0x0000000100217400'
Event: 10.678 Thread 0x00000248b95fe830 Unloading class 0x0000000100217000 'java/lang/invoke/LambdaForm$BMH+0x0000000100217000'
Event: 10.678 Thread 0x00000248b95fe830 Unloading class 0x0000000100216c00 'java/lang/invoke/LambdaForm$DMH+0x0000000100216c00'
Event: 10.678 Thread 0x00000248b95fe830 Unloading class 0x0000000100214000 'java/lang/invoke/LambdaForm$DMH+0x0000000100214000'

Classes redefined (0 events):
No events

Internal exceptions (20 events):
Event: 12.848 Thread 0x00000248d37f9580 Exception <a 'java/lang/NoSuchMethodError'{0x00000000eac9ce10}: 'java.lang.Object java.lang.invoke.DirectMethodHandle$Holder.newInvokeSpecial(java.lang.Object, java.lang.Object, java.lang.Object, int)'> (0x00000000eac9ce10) 
thrown [s\src\hotspot\share\interpreter\linkResolver.cpp, line 759]
Event: 12.849 Thread 0x00000248d37f9580 Exception <a 'java/lang/NoSuchMethodError'{0x00000000eaca0f18}: 'java.lang.Object java.lang.invoke.DirectMethodHandle$Holder.invokeSpecial(java.lang.Object, java.lang.Object, java.lang.Object, java.lang.Object, int)'> (0x00000000eaca0f18) 
thrown [s\src\hotspot\share\interpreter\linkResolver.cpp, line 759]
Event: 12.849 Thread 0x00000248d37f9580 Exception <a 'java/lang/NoSuchMethodError'{0x00000000eaca4620}: 'java.lang.Object java.lang.invoke.Invokers$Holder.linkToTargetMethod(java.lang.Object, java.lang.Object, int, java.lang.Object)'> (0x00000000eaca4620) 
thrown [s\src\hotspot\share\interpreter\linkResolver.cpp, line 759]
Event: 12.850 Thread 0x00000248d37f9580 Exception <a 'java/lang/NoSuchMethodError'{0x00000000eacb04a0}: 'void java.lang.invoke.DirectMethodHandle$Holder.invokeStaticInit(java.lang.Object, java.lang.Object, java.lang.Object)'> (0x00000000eacb04a0) 
thrown [s\src\hotspot\share\interpreter\linkResolver.cpp, line 759]
Event: 12.941 Thread 0x00000248d4e329a0 Exception <a 'java/io/FileNotFoundException'{0x00000000eb1f03a8}> (0x00000000eb1f03a8) 
thrown [s\src\hotspot\share\prims\jni.cpp, line 516]
Event: 12.960 Thread 0x00000248d4e329a0 Exception <a 'sun/nio/fs/WindowsException'{0x00000000eb371ac8}> (0x00000000eb371ac8) 
thrown [s\src\hotspot\share\prims\jni.cpp, line 516]
Event: 13.926 Thread 0x00000248d4e35c40 Exception <a 'java/lang/NoSuchMethodError'{0x00000000eb72b2f0}: 'java.lang.Object java.lang.invoke.DirectMethodHandle$Holder.newInvokeSpecial(java.lang.Object, java.lang.Object, java.lang.Object, java.lang.Object, java.lang.Object, java.lang.Object)'> (0x00000000eb72b2f0) 
thrown [s\src\hotspot\share\interpreter\linkResolver.cpp, line 759]
Event: 23.376 Thread 0x00000248d4e342f0 Exception <a 'java/lang/NoSuchMethodError'{0x00000000eb7ed028}: 'java.lang.Object java.lang.invoke.DirectMethodHandle$Holder.invokeInterface(java.lang.Object, java.lang.Object, java.lang.Object)'> (0x00000000eb7ed028) 
thrown [s\src\hotspot\share\interpreter\linkResolver.cpp, line 759]
Event: 23.482 Thread 0x00000248d4e342f0 Exception <a 'java/lang/NoSuchMethodError'{0x00000000eba1f6d0}: 'java.lang.Object java.lang.invoke.Invokers$Holder.invoke_MT(java.lang.Object, java.lang.Object, java.lang.Object)'> (0x00000000eba1f6d0) 
thrown [s\src\hotspot\share\interpreter\linkResolver.cpp, line 759]
Event: 23.627 Thread 0x00000248d4e342f0 Exception <a 'java/lang/NoSuchMethodError'{0x00000000ebfa0b10}: 'java.lang.Object java.lang.invoke.DirectMethodHandle$Holder.invokeStaticInit(java.lang.Object, java.lang.Object, java.lang.Object, java.lang.Object, java.lang.Object, java.lang.Object, java.lang.Object)'> (0x00000000ebfa0b10) 
thrown [s\src\hotspot\share\interpreter\linkResolver.cpp, line 759]
Event: 23.629 Thread 0x00000248d4e342f0 Exception <a 'java/lang/NoSuchMethodError'{0x00000000ebfa9d98}: 'java.lang.Object java.lang.invoke.DirectMethodHandle$Holder.invokeSpecial(java.lang.Object, java.lang.Object, java.lang.Object, java.lang.Object, java.lang.Object, java.lang.Object, java.lang.Object, java.lang.Object, java.lang.Object, java.lang.Object)'> (0x00000000ebfa9d98) 
thrown [s\src\hotspot\share\interpreter\linkResolver.cpp, line 759]
Event: 23.629 Thread 0x00000248d4e342f0 Exception <a 'java/lang/NoSuchMethodError'{0x00000000ebfae380}: 'java.lang.Object java.lang.invoke.Invokers$Holder.invoke_MT(java.lang.Object, java.lang.Object, java.lang.Object, java.lang.Object, java.lang.Object, java.lang.Object, java.lang.Object, java.lang.Object, java.lang.Object, java.lang.Object)'> (0x00000000ebfae380) 
thrown [s\src\hotspot\share\interpreter\linkResolver.cpp, line 759]
Event: 23.652 Thread 0x00000248d4e342f0 Exception <a 'java/lang/NoSuchMethodError'{0x00000000ebff55f0}: 'int java.lang.invoke.DirectMethodHandle$Holder.invokeVirtual(java.lang.Object, java.lang.Object, java.lang.Object)'> (0x00000000ebff55f0) 
thrown [s\src\hotspot\share\interpreter\linkResolver.cpp, line 759]
Event: 23.652 Thread 0x00000248d4e342f0 Exception <a 'java/lang/NoSuchMethodError'{0x00000000ebff9150}: 'int java.lang.invoke.DirectMethodHandle$Holder.invokeVirtual(java.lang.Object, java.lang.Object)'> (0x00000000ebff9150) 
thrown [s\src\hotspot\share\interpreter\linkResolver.cpp, line 759]
Event: 23.653 Thread 0x00000248d4e342f0 Exception <a 'java/lang/NoSuchMethodError'{0x00000000ebffdc38}: 'int java.lang.invoke.DirectMethodHandle$Holder.invokeStaticInit(java.lang.Object, int, int)'> (0x00000000ebffdc38) 
thrown [s\src\hotspot\share\interpreter\linkResolver.cpp, line 759]
Event: 23.654 Thread 0x00000248d4e342f0 Exception <a 'java/lang/NoSuchMethodError'{0x00000000ec0056d0}: 'int java.lang.invoke.DirectMethodHandle$Holder.invokeStaticInit(java.lang.Object, long, long)'> (0x00000000ec0056d0) 
thrown [s\src\hotspot\share\interpreter\linkResolver.cpp, line 759]
Event: 23.656 Thread 0x00000248d4e342f0 Exception <a 'java/lang/NoSuchMethodError'{0x00000000ec00c7c8}: 'int java.lang.invoke.DirectMethodHandle$Holder.invokeStaticInit(java.lang.Object, float, float)'> (0x00000000ec00c7c8) 
thrown [s\src\hotspot\share\interpreter\linkResolver.cpp, line 759]
Event: 23.656 Thread 0x00000248d4e342f0 Exception <a 'java/lang/NoSuchMethodError'{0x00000000ec013df8}: 'int java.lang.invoke.DirectMethodHandle$Holder.invokeStaticInit(java.lang.Object, double, double)'> (0x00000000ec013df8) 
thrown [s\src\hotspot\share\interpreter\linkResolver.cpp, line 759]
Event: 23.657 Thread 0x00000248d4e342f0 Exception <a 'java/lang/NoSuchMethodError'{0x00000000ec0186a8}: 'int java.lang.invoke.DirectMethodHandle$Holder.invokeStatic(java.lang.Object, long)'> (0x00000000ec0186a8) 
thrown [s\src\hotspot\share\interpreter\linkResolver.cpp, line 759]
Event: 23.661 Thread 0x00000248d4e342f0 Exception <a 'java/lang/NoSuchMethodError'{0x00000000ec0409c0}: 'int java.lang.invoke.Invokers$Holder.linkToTargetMethod(java.lang.Object, java.lang.Object)'> (0x00000000ec0409c0) 
thrown [s\src\hotspot\share\interpreter\linkResolver.cpp, line 759]

VM Operations (20 events):
Event: 23.762 Executing VM operation: HandshakeAllThreads
Event: 23.762 Executing VM operation: HandshakeAllThreads done
Event: 23.874 Executing VM operation: HandshakeAllThreads
Event: 23.874 Executing VM operation: HandshakeAllThreads done
Event: 23.986 Executing VM operation: ParallelGCFailedAllocation
Event: 23.992 Executing VM operation: ParallelGCFailedAllocation done
Event: 24.136 Executing VM operation: ParallelGCFailedAllocation
Event: 24.143 Executing VM operation: ParallelGCFailedAllocation done
Event: 24.350 Executing VM operation: ParallelGCFailedAllocation
Event: 24.354 Executing VM operation: ParallelGCFailedAllocation done
Event: 24.544 Executing VM operation: ParallelGCFailedAllocation
Event: 24.549 Executing VM operation: ParallelGCFailedAllocation done
Event: 24.622 Executing VM operation: ParallelGCFailedAllocation
Event: 24.627 Executing VM operation: ParallelGCFailedAllocation done
Event: 24.705 Executing VM operation: HandshakeAllThreads
Event: 24.706 Executing VM operation: HandshakeAllThreads done
Event: 25.105 Executing VM operation: ParallelGCFailedAllocation
Event: 25.109 Executing VM operation: ParallelGCFailedAllocation done
Event: 25.216 Executing VM operation: ParallelGCFailedAllocation
Event: 25.219 Executing VM operation: ParallelGCFailedAllocation done

Memory protections (0 events):
No events

Nmethod flushes (0 events):
No events

Events (20 events):
Event: 10.354 Thread 0x00000248d3c85400 Thread added: 0x00000248d37fc310
Event: 11.562 Thread 0x00000248d3c85400 Thread added: 0x00000248d37faed0
Event: 11.592 Thread 0x00000248d3c85400 Thread added: 0x00000248d37f9580
Event: 11.637 Thread 0x00000248d3c85400 Thread added: 0x00000248d37f9a90
Event: 12.243 Thread 0x00000248d3c85400 Thread added: 0x00000248d37fa4b0
Event: 12.343 Thread 0x00000248d37fa4b0 Thread exited: 0x00000248d37fa4b0
Event: 12.612 Thread 0x00000248b95534c0 Thread added: 0x00000248d37fc820
Event: 12.613 Thread 0x00000248b95534c0 Thread added: 0x00000248d37fa4b0
Event: 12.613 Thread 0x00000248b95534c0 Thread added: 0x00000248d37f9fa0
Event: 12.613 Thread 0x00000248b95534c0 Thread added: 0x00000248d37fb3e0
Event: 12.613 Thread 0x00000248b95534c0 Thread added: 0x00000248d37fbe00
Event: 12.613 Thread 0x00000248b95534c0 Thread added: 0x00000248d37fa9c0
Event: 12.613 Thread 0x00000248b95534c0 Thread added: 0x00000248d37f9070
Event: 12.613 Thread 0x00000248b95534c0 Thread added: 0x00000248d4e31a70
Event: 12.613 Thread 0x00000248b95534c0 Thread added: 0x00000248d4e30120
Event: 12.634 Thread 0x00000248b95534c0 Thread added: 0x00000248d4e338d0
Event: 12.848 Thread 0x00000248b95534c0 Thread added: 0x00000248d4e342f0
Event: 12.848 Thread 0x00000248b95534c0 Thread added: 0x00000248d4e329a0
Event: 12.856 Thread 0x00000248d37f9a90 Thread added: 0x00000248d4e35c40
Event: 16.655 Thread 0x00000248d3824030 Thread exited: 0x00000248d3824030


Dynamic libraries:
0x00007ff7bc5e0000 - 0x00007ff7bc5ee000 	c:\Users\PRAWIN\.vscode\extensions\redhat.java-1.38.0-win32-x64\jre\17.0.13-win32-x86_64\bin\java.exe
0x00007ffaa8730000 - 0x00007ffaa8947000 	C:\WINDOWS\SYSTEM32\ntdll.dll
0x00007ffaa7a10000 - 0x00007ffaa7ad4000 	C:\WINDOWS\System32\KERNEL32.DLL
0x00007ffaa5e50000 - 0x00007ffaa620a000 	C:\WINDOWS\System32\KERNELBASE.dll
0x00007ffaa5c70000 - 0x00007ffaa5d81000 	C:\WINDOWS\System32\ucrtbase.dll
0x00007ffa8efa0000 - 0x00007ffa8efbe000 	c:\Users\PRAWIN\.vscode\extensions\redhat.java-1.38.0-win32-x64\jre\17.0.13-win32-x86_64\bin\VCRUNTIME140.dll
0x00007ffa904b0000 - 0x00007ffa904c7000 	c:\Users\PRAWIN\.vscode\extensions\redhat.java-1.38.0-win32-x64\jre\17.0.13-win32-x86_64\bin\jli.dll
0x00007ffaa6b10000 - 0x00007ffaa6cbe000 	C:\WINDOWS\System32\USER32.dll
0x00007ffaa5a00000 - 0x00007ffaa5a26000 	C:\WINDOWS\System32\win32u.dll
0x00007ffaa6430000 - 0x00007ffaa6459000 	C:\WINDOWS\System32\GDI32.dll
0x00007ffaa5a30000 - 0x00007ffaa5b4b000 	C:\WINDOWS\System32\gdi32full.dll
0x00007ffa875c0000 - 0x00007ffa87852000 	C:\WINDOWS\WinSxS\amd64_microsoft.windows.common-controls_6595b64144ccf1df_6.0.22621.4541_none_2710d1c57384c085\COMCTL32.dll
0x00007ffaa5bd0000 - 0x00007ffaa5c6a000 	C:\WINDOWS\System32\msvcp_win.dll
0x00007ffaa7b90000 - 0x00007ffaa7c37000 	C:\WINDOWS\System32\msvcrt.dll
0x00007ffaa6540000 - 0x00007ffaa6571000 	C:\WINDOWS\System32\IMM32.DLL
0x00007ffa9e2f0000 - 0x00007ffa9e2fc000 	c:\Users\PRAWIN\.vscode\extensions\redhat.java-1.38.0-win32-x64\jre\17.0.13-win32-x86_64\bin\vcruntime140_1.dll
0x00007ffa8be40000 - 0x00007ffa8becd000 	c:\Users\PRAWIN\.vscode\extensions\redhat.java-1.38.0-win32-x64\jre\17.0.13-win32-x86_64\bin\msvcp140.dll
0x00007ffa41f10000 - 0x00007ffa42b7b000 	c:\Users\PRAWIN\.vscode\extensions\redhat.java-1.38.0-win32-x64\jre\17.0.13-win32-x86_64\bin\server\jvm.dll
0x00007ffaa7950000 - 0x00007ffaa7a02000 	C:\WINDOWS\System32\ADVAPI32.dll
0x00007ffaa8520000 - 0x00007ffaa85c7000 	C:\WINDOWS\System32\sechost.dll
0x00007ffaa6210000 - 0x00007ffaa6238000 	C:\WINDOWS\System32\bcrypt.dll
0x00007ffaa85d0000 - 0x00007ffaa86e4000 	C:\WINDOWS\System32\RPCRT4.dll
0x00007ffaa6460000 - 0x00007ffaa64d1000 	C:\WINDOWS\System32\WS2_32.dll
0x00007ffaa4890000 - 0x00007ffaa48dd000 	C:\WINDOWS\SYSTEM32\POWRPROF.dll
0x00007ffaa0ec0000 - 0x00007ffaa0ef4000 	C:\WINDOWS\SYSTEM32\WINMM.dll
0x00007ffa9e840000 - 0x00007ffa9e84a000 	C:\WINDOWS\SYSTEM32\VERSION.dll
0x00007ffaa4850000 - 0x00007ffaa4863000 	C:\WINDOWS\SYSTEM32\UMPDC.dll
0x00007ffaa4b30000 - 0x00007ffaa4b48000 	C:\WINDOWS\SYSTEM32\kernel.appcore.dll
0x00007ffa904a0000 - 0x00007ffa904aa000 	c:\Users\PRAWIN\.vscode\extensions\redhat.java-1.38.0-win32-x64\jre\17.0.13-win32-x86_64\bin\jimage.dll
0x00007ffaa2f60000 - 0x00007ffaa3192000 	C:\WINDOWS\SYSTEM32\DBGHELP.DLL
0x00007ffaa7290000 - 0x00007ffaa761f000 	C:\WINDOWS\System32\combase.dll
0x00007ffaa65a0000 - 0x00007ffaa6677000 	C:\WINDOWS\System32\OLEAUT32.dll
0x00007ffa799b0000 - 0x00007ffa799e2000 	C:\WINDOWS\SYSTEM32\dbgcore.DLL
0x00007ffaa6240000 - 0x00007ffaa62bb000 	C:\WINDOWS\System32\bcryptPrimitives.dll
0x00007ffa8fae0000 - 0x00007ffa8faee000 	c:\Users\PRAWIN\.vscode\extensions\redhat.java-1.38.0-win32-x64\jre\17.0.13-win32-x86_64\bin\instrument.dll
0x00007ffa8e6d0000 - 0x00007ffa8e6f5000 	c:\Users\PRAWIN\.vscode\extensions\redhat.java-1.38.0-win32-x64\jre\17.0.13-win32-x86_64\bin\java.dll
0x00007ffa8db40000 - 0x00007ffa8db58000 	c:\Users\PRAWIN\.vscode\extensions\redhat.java-1.38.0-win32-x64\jre\17.0.13-win32-x86_64\bin\zip.dll
0x00007ffaa7ca0000 - 0x00007ffaa8518000 	C:\WINDOWS\System32\SHELL32.dll
0x00007ffaa3900000 - 0x00007ffaa4208000 	C:\WINDOWS\SYSTEM32\windows.storage.dll
0x00007ffaa37c0000 - 0x00007ffaa38ff000 	C:\WINDOWS\SYSTEM32\wintypes.dll
0x00007ffaa6dd0000 - 0x00007ffaa6eca000 	C:\WINDOWS\System32\SHCORE.dll
0x00007ffaa7620000 - 0x00007ffaa767e000 	C:\WINDOWS\System32\shlwapi.dll
0x00007ffaa5930000 - 0x00007ffaa595b000 	C:\WINDOWS\SYSTEM32\profapi.dll
0x00007ffa8db20000 - 0x00007ffa8db39000 	C:\Users\PRAWIN\.vscode\extensions\redhat.java-1.38.0-win32-x64\jre\17.0.13-win32-x86_64\bin\net.dll
0x00007ffaa2210000 - 0x00007ffaa2346000 	C:\WINDOWS\SYSTEM32\WINHTTP.dll
0x00007ffaa4fb0000 - 0x00007ffaa5019000 	C:\WINDOWS\system32\mswsock.dll
0x00007ffa8da10000 - 0x00007ffa8da26000 	C:\Users\PRAWIN\.vscode\extensions\redhat.java-1.38.0-win32-x64\jre\17.0.13-win32-x86_64\bin\nio.dll
0x00007ffa8ef40000 - 0x00007ffa8ef50000 	c:\Users\PRAWIN\.vscode\extensions\redhat.java-1.38.0-win32-x64\jre\17.0.13-win32-x86_64\bin\verify.dll
0x00007ffa7aed0000 - 0x00007ffa7af15000 	C:\Users\PRAWIN\AppData\Roaming\Code\User\globalStorage\redhat.java\1.38.0\config_ss_win\org.eclipse.equinox.launcher\org.eclipse.equinox.launcher.win32.win32.x86_64_1.2.1100.v20240722-2106\eclipse_11904.dll
0x00007ffaa70e0000 - 0x00007ffaa7285000 	C:\WINDOWS\System32\ole32.dll
0x00007ffaa5200000 - 0x00007ffaa521b000 	C:\WINDOWS\SYSTEM32\CRYPTSP.dll
0x00007ffaa4a90000 - 0x00007ffaa4ac5000 	C:\WINDOWS\system32\rsaenh.dll
0x00007ffaa50a0000 - 0x00007ffaa50c8000 	C:\WINDOWS\SYSTEM32\USERENV.dll
0x00007ffaa5220000 - 0x00007ffaa522c000 	C:\WINDOWS\SYSTEM32\CRYPTBASE.dll
0x00007ffaa44e0000 - 0x00007ffaa450d000 	C:\WINDOWS\SYSTEM32\IPHLPAPI.DLL
0x00007ffaa7040000 - 0x00007ffaa7049000 	C:\WINDOWS\System32\NSI.dll
0x00007ffaa1450000 - 0x00007ffaa1469000 	C:\WINDOWS\SYSTEM32\dhcpcsvc6.DLL
0x00007ffaa1430000 - 0x00007ffaa144f000 	C:\WINDOWS\SYSTEM32\dhcpcsvc.DLL
0x00007ffaa4510000 - 0x00007ffaa4612000 	C:\WINDOWS\SYSTEM32\DNSAPI.dll
0x00007ffa776f0000 - 0x00007ffa77739000 	C:\Users\PRAWIN\AppData\Local\Temp\jna--1926884131\jna3627836665761913812.dll
0x00007ffaa6680000 - 0x00007ffaa6688000 	C:\WINDOWS\System32\PSAPI.DLL

dbghelp: loaded successfully - version: 4.0.5 - missing functions: none
symbol engine: initialized successfully - sym options: 0x614 - pdb path: .;c:\Users\PRAWIN\.vscode\extensions\redhat.java-1.38.0-win32-x64\jre\17.0.13-win32-x86_64\bin;C:\WINDOWS\SYSTEM32;C:\WINDOWS\WinSxS\amd64_microsoft.windows.common-controls_6595b64144ccf1df_6.0.22621.4541_none_2710d1c57384c085;c:\Users\PRAWIN\.vscode\extensions\redhat.java-1.38.0-win32-x64\jre\17.0.13-win32-x86_64\bin\server;C:\Users\PRAWIN\AppData\Roaming\Code\User\globalStorage\redhat.java\1.38.0\config_ss_win\org.eclipse.equinox.launcher\org.eclipse.equinox.launcher.win32.win32.x86_64_1.2.1100.v20240722-2106;C:\Users\PRAWIN\AppData\Local\Temp\jna--1926884131

VM Arguments:
jvm_args: --add-modules=ALL-SYSTEM --add-opens=java.base/java.util=ALL-UNNAMED --add-opens=java.base/java.lang=ALL-UNNAMED --add-opens=java.base/sun.nio.fs=ALL-UNNAMED -Declipse.application=org.eclipse.jdt.ls.core.id1 -Dosgi.bundles.defaultStartLevel=4 -Declipse.product=org.eclipse.jdt.ls.core.product -Djava.import.generatesMetadataFilesAtProjectRoot=false -DDetectVMInstallationsJob.disabled=true -Dfile.encoding=utf8 -XX:+UseParallelGC -XX:GCTimeRatio=4 -XX:AdaptiveSizePolicyWeight=90 -Dsun.zip.disableMemoryMapping=true -Xmx1G -Xms100m -Xlog:disable -javaagent:c:\Users\PRAWIN\.vscode\extensions\redhat.java-1.38.0-win32-x64\lombok\lombok-1.18.34.jar 
java_command: c:\Users\PRAWIN\.vscode\extensions\redhat.java-1.38.0-win32-x64\server\plugins\org.eclipse.equinox.launcher_1.6.900.v20240613-2009.jar -configuration c:\Users\PRAWIN\AppData\Roaming\Code\User\globalStorage\redhat.java\1.38.0\config_ss_win -data c:\Users\PRAWIN\AppData\Roaming\Code\User\workspaceStorage\7a26534d3523c22cb72720f6fbb6f5e5\redhat.java\ss_ws --pipe=\\.\pipe\lsp-26fad91245b0e2c4899cc3c4026f2563-sock
java_class_path (initial): c:\Users\PRAWIN\.vscode\extensions\redhat.java-1.38.0-win32-x64\server\plugins\org.eclipse.equinox.launcher_1.6.900.v20240613-2009.jar
Launcher Type: SUN_STANDARD

[Global flags]
    uintx AdaptiveSizePolicyWeight                 = 90                                        {product} {command line}
     intx CICompilerCount                          = 4                                         {product} {ergonomic}
    uintx GCTimeRatio                              = 4                                         {product} {command line}
   size_t InitialHeapSize                          = 104857600                                 {product} {command line}
   size_t MaxHeapSize                              = 1073741824                                {product} {command line}
   size_t MaxNewSize                               = 357564416                                 {product} {ergonomic}
   size_t MinHeapDeltaBytes                        = 524288                                    {product} {ergonomic}
   size_t MinHeapSize                              = 104857600                                 {product} {command line}
   size_t NewSize                                  = 34603008                                  {product} {ergonomic}
    uintx NonNMethodCodeHeapSize                   = 5839372                                {pd product} {ergonomic}
    uintx NonProfiledCodeHeapSize                  = 122909434                              {pd product} {ergonomic}
   size_t OldSize                                  = 70254592                                  {product} {ergonomic}
    uintx ProfiledCodeHeapSize                     = 122909434                              {pd product} {ergonomic}
    uintx ReservedCodeCacheSize                    = 251658240                              {pd product} {ergonomic}
     bool SegmentedCodeCache                       = true                                      {product} {ergonomic}
   size_t SoftMaxHeapSize                          = 1073741824                             {manageable} {ergonomic}
     bool UseCompressedClassPointers               = true                           {product lp64_product} {ergonomic}
     bool UseCompressedOops                        = true                           {product lp64_product} {ergonomic}
     bool UseLargePagesIndividualAllocation        = false                                  {pd product} {ergonomic}
     bool UseParallelGC                            = true                                      {product} {command line}

Logging:
Log output configuration:
 #0: stdout all=off uptime,level,tags
 #1: stderr all=off uptime,level,tags

Environment Variables:
JAVA_HOME=C:\Program Files\Java\jdk-17
PATH=C:\Program Files\Common Files\Oracle\Java\javapath;C:\Program Files\Python310\Scripts\;C:\Program Files\Python310\;C:\Windows\system32;C:\Windows;C:\Windows\System32\Wbem;C:\Windows\System32\WindowsPowerShell\v1.0\;C:\Windows\System32\OpenSSH\;C:\Program Files (x86)\NVIDIA Corporation\PhysX\Common;C:\MinGW\bin;C:\Program Files\NVIDIA Corporation\NVIDIA NvDLISR;C:\Program Files\Git\cmd;C:\WINDOWS\system32;C:\WINDOWS;C:\WINDOWS\System32\Wbem;C:\WINDOWS\System32\WindowsPowerShell\v1.0\;C:\WINDOWS\System32\OpenSSH\;C:\Users\PRAWIN\AppData\Roaming\Python\Python310\site-packages;%LOCALAPPDATA%\Android\Sdk\platform-tools;%LOCALAPPDATA%\Android\Sdk\platform-tools;C:\Users\PRAWIN\AppData\Roaming\npm;C:\Program Files\nodejs\;C:\Program Files\Java\jdk-17\bin;C:\Users\PRAWIN\AppData\Local\Microsoft\WindowsApps;C:\Users\PRAWIN\AppData\Local\Programs\Microsoft VS Code\bin;C:\Windows\System32;C:\Program Files\nodejs\;C:\Users\PRAWIN\AppData\Roaming\npm;C:\Windows\System32\;C:\Program Files\Java\jdk-17\bin;
USERNAME=PRAWIN
OS=Windows_NT
PROCESSOR_IDENTIFIER=Intel64 Family 6 Model 140 Stepping 2, GenuineIntel
TMP=C:\Users\PRAWIN\AppData\Local\Temp
TEMP=C:\Users\PRAWIN\AppData\Local\Temp



Periodic native trim disabled


---------------  S Y S T E M  ---------------

OS:
 Windows 11 , 64 bit Build 22621 (10.0.22621.4391)
OS uptime: 0 days 14:45 hours
Hyper-V role detected

CPU: total 8 (initial active 8) (4 cores per cpu, 2 threads per core) family 6 model 140 stepping 2 microcode 0x16, cx8, cmov, fxsr, ht, mmx, 3dnowpref, sse, sse2, sse3, ssse3, sse4.1, sse4.2, popcnt, lzcnt, tsc, tscinvbit, avx, avx2, aes, erms, clmul, bmi1, bmi2, adx, avx512f, avx512dq, avx512cd, avx512bw, avx512vl, sha, fma, vzeroupper, avx512_vpopcntdq, avx512_vpclmulqdq, avx512_vaes, avx512_vnni, clflush, clflushopt, clwb, avx512_vbmi2, avx512_vbmi, hv
Processor Information for all 8 processors :
  Max Mhz: 3187, Current Mhz: 3187, Mhz Limit: 3187

Memory: 4k page, system-wide physical 7975M (88M free)
TotalPageFile size 28583M (AvailPageFile size 11M)
current process WorkingSet (physical memory assigned to process): 180M, peak: 185M
current process commit charge ("private bytes"): 260M, peak: 269M

vm_info: OpenJDK 64-Bit Server VM (17.0.13+11) for windows-amd64 JRE (17.0.13+11), built on Oct 16 2024 00:10:08 by "admin" with MS VC++ 17.7 (VS2022)

END.
