#
# There is insufficient memory for the Java Runtime Environment to continue.
# Native memory allocation (malloc) failed to allocate 977936 bytes. Error detail: Chunk::new
# Possible reasons:
#   The system is out of physical RAM or swap space
#   This process is running with CompressedOops enabled, and the Java Heap may be blocking the growth of the native heap
# Possible solutions:
#   Reduce memory load on the system
#   Increase physical memory or swap space
#   Check if swap backing store is full
#   Decrease Java heap size (-Xmx/-Xms)
#   Decrease number of Java threads
#   Decrease Java thread stack sizes (-Xss)
#   Set larger code cache with -XX:ReservedCodeCacheSize=
#   JVM is running with Unscaled Compressed Oops mode in which the Java heap is
#     placed in the first 4GB address space. The Java Heap base address is the
#     maximum limit for the native heap growth. Please use -XX:HeapBaseMinAddress
#     to set the Java Heap base and to place the Java Heap above 4GB virtual address.
# This output file may be truncated or incomplete.
#
#  Out of Memory Error (arena.cpp:191), pid=6536, tid=12072
#
# JRE version: OpenJDK Runtime Environment Temurin-17.0.13+11 (17.0.13+11) (build 17.0.13+11)
# Java VM: OpenJDK 64-Bit Server VM Temurin-17.0.13+11 (17.0.13+11, mixed mode, tiered, compressed oops, compressed class ptrs, parallel gc, windows-amd64)
# No core dump will be written. Minidumps are not enabled by default on client versions of Windows
#

---------------  S U M M A R Y ------------

Command Line: --add-modules=ALL-SYSTEM --add-opens=java.base/java.util=ALL-UNNAMED --add-opens=java.base/java.lang=ALL-UNNAMED --add-opens=java.base/sun.nio.fs=ALL-UNNAMED -Declipse.application=org.eclipse.jdt.ls.core.id1 -Dosgi.bundles.defaultStartLevel=4 -Declipse.product=org.eclipse.jdt.ls.core.product -Djava.import.generatesMetadataFilesAtProjectRoot=false -DDetectVMInstallationsJob.disabled=true -Dfile.encoding=utf8 -XX:+UseParallelGC -XX:GCTimeRatio=4 -XX:AdaptiveSizePolicyWeight=90 -Dsun.zip.disableMemoryMapping=true -Xmx1G -Xms100m -Xlog:disable -javaagent:c:\Users\PRAWIN\.vscode\extensions\redhat.java-1.38.0-win32-x64\lombok\lombok-1.18.34.jar -XX:+HeapDumpOnOutOfMemoryError -XX:HeapDumpPath=c:\Users\PRAWIN\AppData\Roaming\Code\User\workspaceStorage\7a26534d3523c22cb72720f6fbb6f5e5\redhat.java -Daether.dependencyCollector.impl=bf c:\Users\PRAWIN\.vscode\extensions\redhat.java-1.38.0-win32-x64\server\plugins\org.eclipse.equinox.launcher_1.6.900.v20240613-2009.jar -configuration c:\Users\PRAWIN\AppData\Roaming\Code\User\globalStorage\redhat.java\1.38.0\config_win -data c:\Users\PRAWIN\AppData\Roaming\Code\User\workspaceStorage\7a26534d3523c22cb72720f6fbb6f5e5\redhat.java\jdt_ws --pipe=\\.\pipe\lsp-e2bc271caf07d92258251023b5130d3a-sock

Host: 11th Gen Intel(R) Core(TM) i5-11320H @ 3.20GHz, 8 cores, 7G,  Windows 11 , 64 bit Build 22621 (10.0.22621.4391)
Time: Fri Dec 27 01:15:34 2024 India Standard Time elapsed time: 31.520399 seconds (0d 0h 0m 31s)

---------------  T H R E A D  ---------------

Current thread (0x00000219c54ac330):  JavaThread "C2 CompilerThread0" daemon [_thread_in_native, id=12072, stack(0x0000003735d00000,0x0000003735e00000)]


Current CompileTask:
C2:  31520 8784   !   4       java.nio.file.FileTreeWalker::visit (204 bytes)

Stack: [0x0000003735d00000,0x0000003735e00000]
Native frames: (J=compiled Java code, j=interpreted, Vv=VM code, C=native code)
V  [jvm.dll+0x682a19]
V  [jvm.dll+0x839538]
V  [jvm.dll+0x83afe3]
V  [jvm.dll+0x83b653]
V  [jvm.dll+0x24704f]
V  [jvm.dll+0xace34]
V  [jvm.dll+0xad4cc]
V  [jvm.dll+0x2ac84f]
V  [jvm.dll+0x588a79]
V  [jvm.dll+0x220ea2]
V  [jvm.dll+0x219cd2]
V  [jvm.dll+0x21738b]
V  [jvm.dll+0x1a3070]
V  [jvm.dll+0x22788c]
V  [jvm.dll+0x2259eb]
V  [jvm.dll+0x7eec98]
V  [jvm.dll+0x7e8ffc]
V  [jvm.dll+0x6818f7]
C  [ucrtbase.dll+0x29333]
C  [KERNEL32.DLL+0x1259d]
C  [ntdll.dll+0x5af38]


---------------  P R O C E S S  ---------------

Threads class SMR info:
_java_thread_list=0x00000219d3e6b140, length=74, elements={
0x00000219ac52e450, 0x00000219ac5dea30, 0x00000219c03b79b0, 0x00000219c03bbfb0,
0x00000219c03bc980, 0x00000219c03bd450, 0x00000219c03bdf20, 0x00000219c54ac330,
0x00000219c5511a50, 0x00000219c5514720, 0x00000219ac58ebf0, 0x00000219c57d64c0,
0x00000219c6fac0b0, 0x00000219c668e9b0, 0x00000219c6b71a10, 0x00000219c6d36020,
0x00000219c6945580, 0x00000219c7114c90, 0x00000219c7114780, 0x00000219c71119f0,
0x00000219c7111f00, 0x00000219c7112410, 0x00000219c7112920, 0x00000219c7112e30,
0x00000219c7113d60, 0x00000219c7113850, 0x00000219c7113340, 0x00000219c8563a20,
0x00000219c8568b20, 0x00000219c8569f60, 0x00000219c85676e0, 0x00000219c8566cc0,
0x00000219c8568100, 0x00000219c8564e60, 0x00000219c856a980, 0x00000219c85662a0,
0x00000219c8564950, 0x00000219c856ae90, 0x00000219c8568610, 0x00000219c8567bf0,
0x00000219c856b3a0, 0x00000219c8563f30, 0x00000219c8569030, 0x00000219c8569a50,
0x00000219c8564440, 0x00000219c856a470, 0x00000219c8565370, 0x00000219c8565880,
0x00000219c85667b0, 0x00000219c8565d90, 0x00000219c71114e0, 0x00000219c74e1580,
0x00000219c74de7f0, 0x00000219c74e4310, 0x00000219c74de2e0, 0x00000219c74e1a90,
0x00000219c74e1070, 0x00000219c74e0b60, 0x00000219c74df720, 0x00000219c74e24b0,
0x00000219c74e38f0, 0x00000219c74e3e00, 0x00000219c74ded00, 0x00000219c74e1fa0,
0x00000219c74dfc30, 0x00000219c74dd8c0, 0x00000219c74e5240, 0x00000219c74dddd0,
0x00000219c74e4820, 0x00000219c74e0140, 0x00000219c74e0650, 0x00000219c7114270,
0x00000219c8569540, 0x00000219c9abd760
}

Java Threads: ( => current thread )
  0x00000219ac52e450 JavaThread "main" [_thread_blocked, id=20388, stack(0x0000003735400000,0x0000003735500000)]
  0x00000219ac5dea30 JavaThread "Reference Handler" daemon [_thread_blocked, id=5540, stack(0x0000003735700000,0x0000003735800000)]
  0x00000219c03b79b0 JavaThread "Finalizer" daemon [_thread_blocked, id=13864, stack(0x0000003735800000,0x0000003735900000)]
  0x00000219c03bbfb0 JavaThread "Signal Dispatcher" daemon [_thread_blocked, id=5816, stack(0x0000003735900000,0x0000003735a00000)]
  0x00000219c03bc980 JavaThread "Attach Listener" daemon [_thread_blocked, id=7600, stack(0x0000003735a00000,0x0000003735b00000)]
  0x00000219c03bd450 JavaThread "Service Thread" daemon [_thread_blocked, id=12616, stack(0x0000003735b00000,0x0000003735c00000)]
  0x00000219c03bdf20 JavaThread "Monitor Deflation Thread" daemon [_thread_blocked, id=21492, stack(0x0000003735c00000,0x0000003735d00000)]
=>0x00000219c54ac330 JavaThread "C2 CompilerThread0" daemon [_thread_in_native, id=12072, stack(0x0000003735d00000,0x0000003735e00000)]
  0x00000219c5511a50 JavaThread "C1 CompilerThread0" daemon [_thread_blocked, id=16664, stack(0x0000003735e00000,0x0000003735f00000)]
  0x00000219c5514720 JavaThread "Sweeper thread" daemon [_thread_blocked, id=15780, stack(0x0000003735f00000,0x0000003736000000)]
  0x00000219ac58ebf0 JavaThread "Common-Cleaner" daemon [_thread_blocked, id=12920, stack(0x0000003736000000,0x0000003736100000)]
  0x00000219c57d64c0 JavaThread "Notification Thread" daemon [_thread_blocked, id=9800, stack(0x0000003736100000,0x0000003736200000)]
  0x00000219c6fac0b0 JavaThread "Active Thread: Equinox Container: 8ee53026-6d93-40a0-a970-24a8b99cb7c1" [_thread_blocked, id=14184, stack(0x0000003736900000,0x0000003736a00000)]
  0x00000219c668e9b0 JavaThread "Refresh Thread: Equinox Container: 8ee53026-6d93-40a0-a970-24a8b99cb7c1" daemon [_thread_blocked, id=12140, stack(0x0000003736a00000,0x0000003736b00000)]
  0x00000219c6b71a10 JavaThread "Framework Event Dispatcher: Equinox Container: 8ee53026-6d93-40a0-a970-24a8b99cb7c1" daemon [_thread_blocked, id=800, stack(0x0000003736b00000,0x0000003736c00000)]
  0x00000219c6d36020 JavaThread "Start Level: Equinox Container: 8ee53026-6d93-40a0-a970-24a8b99cb7c1" daemon [_thread_blocked, id=1188, stack(0x0000003736c00000,0x0000003736d00000)]
  0x00000219c6945580 JavaThread "Bundle File Closer" daemon [_thread_blocked, id=14108, stack(0x0000003736e00000,0x0000003736f00000)]
  0x00000219c7114c90 JavaThread "SCR Component Actor" daemon [_thread_blocked, id=11852, stack(0x0000003736f00000,0x0000003737000000)]
  0x00000219c7114780 JavaThread "Worker-JM" [_thread_blocked, id=2088, stack(0x0000003737100000,0x0000003737200000)]
  0x00000219c71119f0 JavaThread "JNA Cleaner" daemon [_thread_blocked, id=16708, stack(0x0000003737200000,0x0000003737300000)]
  0x00000219c7111f00 JavaThread "Worker-0" [_thread_blocked, id=816, stack(0x0000003737300000,0x0000003737400000)]
  0x00000219c7112410 JavaThread "Worker-1" [_thread_blocked, id=16732, stack(0x0000003737400000,0x0000003737500000)]
  0x00000219c7112920 JavaThread "Java indexing" daemon [_thread_in_Java, id=9500, stack(0x0000003737500000,0x0000003737600000)]
  0x00000219c7112e30 JavaThread "Thread-2" daemon [_thread_in_native, id=784, stack(0x0000003737600000,0x0000003737700000)]
  0x00000219c7113d60 JavaThread "Thread-3" daemon [_thread_in_native, id=13952, stack(0x0000003737700000,0x0000003737800000)]
  0x00000219c7113850 JavaThread "Thread-4" daemon [_thread_in_native, id=3632, stack(0x0000003737800000,0x0000003737900000)]
  0x00000219c7113340 JavaThread "Thread-5" daemon [_thread_in_native, id=5396, stack(0x0000003737900000,0x0000003737a00000)]
  0x00000219c8563a20 JavaThread "Thread-6" daemon [_thread_in_native, id=14052, stack(0x0000003737a00000,0x0000003737b00000)]
  0x00000219c8568b20 JavaThread "Thread-7" daemon [_thread_in_native, id=1676, stack(0x0000003737b00000,0x0000003737c00000)]
  0x00000219c8569f60 JavaThread "Thread-8" daemon [_thread_in_native, id=13280, stack(0x0000003737c00000,0x0000003737d00000)]
  0x00000219c85676e0 JavaThread "Thread-9" daemon [_thread_in_native, id=18356, stack(0x0000003737d00000,0x0000003737e00000)]
  0x00000219c8566cc0 JavaThread "Thread-10" daemon [_thread_in_native, id=7052, stack(0x0000003737e00000,0x0000003737f00000)]
  0x00000219c8568100 JavaThread "pool-2-thread-1" [_thread_blocked, id=13992, stack(0x0000003737f00000,0x0000003738000000)]
  0x00000219c8564e60 JavaThread "Worker-2: Java indexing... " [_thread_blocked, id=9120, stack(0x0000003738000000,0x0000003738100000)]
  0x00000219c856a980 JavaThread "Worker-3" [_thread_blocked, id=20424, stack(0x0000003738100000,0x0000003738200000)]
  0x00000219c85662a0 JavaThread "Worker-4: Check JDK Index" [_thread_blocked, id=21436, stack(0x0000003738200000,0x0000003738300000)]
  0x00000219c8564950 JavaThread "WorkspaceEventsHandler" [_thread_blocked, id=8280, stack(0x0000003738300000,0x0000003738400000)]
  0x00000219c856ae90 JavaThread "pool-1-thread-1" [_thread_blocked, id=15988, stack(0x0000003738400000,0x0000003738500000)]
  0x00000219c8568610 JavaThread "Worker-5" [_thread_blocked, id=15744, stack(0x0000003738500000,0x0000003738600000)]
  0x00000219c8567bf0 JavaThread "Worker-6" [_thread_blocked, id=18924, stack(0x0000003738600000,0x0000003738700000)]
  0x00000219c856b3a0 JavaThread "Worker-7" [_thread_blocked, id=17740, stack(0x0000003738700000,0x0000003738800000)]
  0x00000219c8563f30 JavaThread "Timer-0" [_thread_blocked, id=8356, stack(0x0000003738800000,0x0000003738900000)]
  0x00000219c8569030 JavaThread "Timer-1" [_thread_blocked, id=15664, stack(0x0000003738900000,0x0000003738a00000)]
  0x00000219c8569a50 JavaThread "LocalFile Deleter" daemon [_thread_blocked, id=4996, stack(0x0000003738b00000,0x0000003738c00000)]
  0x00000219c8564440 JavaThread "LocalFile Deleter" daemon [_thread_blocked, id=5784, stack(0x0000003738c00000,0x0000003738d00000)]
  0x00000219c856a470 JavaThread "LocalFile Deleter" daemon [_thread_blocked, id=19236, stack(0x0000003738d00000,0x0000003738e00000)]
  0x00000219c8565370 JavaThread "LocalFile Deleter" daemon [_thread_blocked, id=15556, stack(0x0000003738e00000,0x0000003738f00000)]
  0x00000219c8565880 JavaThread "LocalFile Deleter" daemon [_thread_blocked, id=19184, stack(0x0000003738f00000,0x0000003739000000)]
  0x00000219c85667b0 JavaThread "LocalFile Deleter" daemon [_thread_blocked, id=21292, stack(0x0000003739000000,0x0000003739100000)]
  0x00000219c8565d90 JavaThread "LocalFile Deleter" daemon [_thread_blocked, id=16544, stack(0x0000003739100000,0x0000003739200000)]
  0x00000219c71114e0 JavaThread "LocalFile Deleter" daemon [_thread_blocked, id=13468, stack(0x0000003739200000,0x0000003739300000)]
  0x00000219c74e1580 JavaThread "Compiler Source File Reader" daemon [_thread_blocked, id=3628, stack(0x0000003739300000,0x0000003739400000)]
  0x00000219c74de7f0 JavaThread "Compiler Source File Reader" daemon [_thread_blocked, id=4984, stack(0x0000003739400000,0x0000003739500000)]
  0x00000219c74e4310 JavaThread "Compiler Source File Reader" daemon [_thread_blocked, id=13964, stack(0x0000003739500000,0x0000003739600000)]
  0x00000219c74de2e0 JavaThread "Compiler Source File Reader" daemon [_thread_blocked, id=9976, stack(0x0000003739600000,0x0000003739700000)]
  0x00000219c74e1a90 JavaThread "Compiler Source File Reader" daemon [_thread_blocked, id=10220, stack(0x0000003739700000,0x0000003739800000)]
  0x00000219c74e1070 JavaThread "Compiler Source File Reader" daemon [_thread_blocked, id=10344, stack(0x0000003739800000,0x0000003739900000)]
  0x00000219c74e0b60 JavaThread "Compiler Processing Task" daemon [_thread_blocked, id=7116, stack(0x0000003739900000,0x0000003739a00000)]
  0x00000219c74df720 JavaThread "Compiler Class File Writer" daemon [_thread_blocked, id=13752, stack(0x0000003739a00000,0x0000003739b00000)]
  0x00000219c74e24b0 JavaThread "Compiler Class File Writer" daemon [_thread_blocked, id=12220, stack(0x0000003739b00000,0x0000003739c00000)]
  0x00000219c74e38f0 JavaThread "Compiler Class File Writer" daemon [_thread_blocked, id=11180, stack(0x0000003739c00000,0x0000003739d00000)]
  0x00000219c74e3e00 JavaThread "Compiler Class File Writer" daemon [_thread_blocked, id=4828, stack(0x0000003739d00000,0x0000003739e00000)]
  0x00000219c74ded00 JavaThread "Compiler Class File Writer" daemon [_thread_blocked, id=20404, stack(0x0000003739e00000,0x0000003739f00000)]
  0x00000219c74e1fa0 JavaThread "Compiler Class File Writer" daemon [_thread_blocked, id=20656, stack(0x0000003739f00000,0x000000373a000000)]
  0x00000219c74dfc30 JavaThread "Timer-2" [_thread_blocked, id=19512, stack(0x0000003737000000,0x0000003737100000)]
  0x00000219c74dd8c0 JavaThread "Exec process" [_thread_blocked, id=17616, stack(0x000000373a100000,0x000000373a200000)]
  0x00000219c74e5240 JavaThread "Exec process Thread 2" [_thread_blocked, id=17008, stack(0x000000373a200000,0x000000373a300000)]
  0x00000219c74dddd0 JavaThread "Exec process Thread 3" [_thread_blocked, id=12168, stack(0x000000373a300000,0x000000373a400000)]
  0x00000219c74e4820 JavaThread "Timer-3" [_thread_blocked, id=14288, stack(0x0000003738a00000,0x0000003738b00000)]
  0x00000219c74e0140 JavaThread "Timer-4" [_thread_blocked, id=20448, stack(0x000000373a000000,0x000000373a100000)]
  0x00000219c74e0650 JavaThread "Timer-5" [_thread_blocked, id=15436, stack(0x000000373a400000,0x000000373a500000)]
  0x00000219c7114270 JavaThread "ForkJoinPool.commonPool-worker-1" daemon [_thread_blocked, id=3424, stack(0x000000373a500000,0x000000373a600000)]
  0x00000219c8569540 JavaThread "ForkJoinPool.commonPool-worker-2" daemon [_thread_blocked, id=2100, stack(0x000000373a600000,0x000000373a700000)]
  0x00000219c9abd760 JavaThread "ForkJoinPool.commonPool-worker-3" daemon [_thread_blocked, id=16108, stack(0x000000373a700000,0x000000373a800000)]

Other Threads:
  0x00000219ac5d7b50 VMThread "VM Thread" [stack: 0x0000003735600000,0x0000003735700000] [id=11776]
  0x00000219c57f2d70 WatcherThread [stack: 0x0000003736200000,0x0000003736300000] [id=14876]
  0x00000219ac541fb0 GCTaskThread "GC Thread#0" [stack: 0x0000003735500000,0x0000003735600000] [id=17652]
  0x00000219c694f0c0 GCTaskThread "GC Thread#1" [stack: 0x0000003736300000,0x0000003736400000] [id=2468]
  0x00000219c694b510 GCTaskThread "GC Thread#2" [stack: 0x0000003736400000,0x0000003736500000] [id=9088]
  0x00000219c694b7d0 GCTaskThread "GC Thread#3" [stack: 0x0000003736500000,0x0000003736600000] [id=9788]
  0x00000219c694ba90 GCTaskThread "GC Thread#4" [stack: 0x0000003736600000,0x0000003736700000] [id=14144]
  0x00000219c694bd50 GCTaskThread "GC Thread#5" [stack: 0x0000003736700000,0x0000003736800000] [id=20396]
  0x00000219c694c010 GCTaskThread "GC Thread#6" [stack: 0x0000003736800000,0x0000003736900000] [id=16916]
  0x00000219c6bb8af0 GCTaskThread "GC Thread#7" [stack: 0x0000003736d00000,0x0000003736e00000] [id=15760]

Threads with active compile tasks:
C2 CompilerThread0    31540 8784   !   4       java.nio.file.FileTreeWalker::visit (204 bytes)

VM state: not at safepoint (normal execution)

VM Mutex/Monitor currently owned by a thread: None

Heap address: 0x00000000c0000000, size: 1024 MB, Compressed Oops mode: 32-bit

CDS archive(s) not mapped
Compressed class space mapped at: 0x0000000100000000-0x0000000140000000, reserved size: 1073741824
Narrow klass base: 0x0000000000000000, Narrow klass shift: 3, Narrow klass range: 0x140000000

GC Precious Log:
 CPUs: 8 total, 8 available
 Memory: 7975M
 Large Page Support: Disabled
 NUMA Support: Disabled
 Compressed Oops: Enabled (32-bit)
 Alignments: Space 512K, Generation 512K, Heap 2M
 Heap Min Capacity: 100M
 Heap Initial Capacity: 100M
 Heap Max Capacity: 1G
 Pre-touch: Disabled
 Parallel Workers: 8

Heap:
 PSYoungGen      total 13824K, used 11086K [0x00000000eab00000, 0x00000000ebc80000, 0x0000000100000000)
  eden space 11264K, 75% used [0x00000000eab00000,0x00000000eb359e50,0x00000000eb600000)
  from space 2560K, 99% used [0x00000000eb880000,0x00000000ebaf9c78,0x00000000ebb00000)
  to   space 2560K, 0% used [0x00000000eb600000,0x00000000eb600000,0x00000000eb880000)
 ParOldGen       total 272384K, used 242343K [0x00000000c0000000, 0x00000000d0a00000, 0x00000000eab00000)
  object space 272384K, 88% used [0x00000000c0000000,0x00000000ceca9c30,0x00000000d0a00000)
 Metaspace       used 73589K, committed 74816K, reserved 1179648K
  class space    used 8328K, committed 8832K, reserved 1048576K

Card table byte_map: [0x00000219abee0000,0x00000219ac0f0000] _byte_map_base: 0x00000219ab8e0000

Marking Bits: (ParMarkBitMap*) 0x00007ffa42ab6940
 Begin Bits: [0x00000219be1c0000, 0x00000219bf1c0000)
 End Bits:   [0x00000219bf1c0000, 0x00000219c01c0000)

Polling page: 0x00000219aa6b0000

Metaspace:

Usage:
  Non-class:     63.73 MB used.
      Class:      8.13 MB used.
       Both:     71.86 MB used.

Virtual space:
  Non-class space:      128.00 MB reserved,      64.44 MB ( 50%) committed,  2 nodes.
      Class space:        1.00 GB reserved,       8.62 MB ( <1%) committed,  1 nodes.
             Both:        1.12 GB reserved,      73.06 MB (  6%) committed. 

Chunk freelists:
   Non-Class:  14.75 MB
       Class:  7.38 MB
        Both:  22.12 MB

MaxMetaspaceSize: unlimited
CompressedClassSpaceSize: 1.00 GB
Initial GC threshold: 21.00 MB
Current GC threshold: 121.81 MB
CDS: off
MetaspaceReclaimPolicy: balanced
 - commit_granule_bytes: 65536.
 - commit_granule_words: 8192.
 - virtual_space_node_default_size: 8388608.
 - enlarge_chunks_in_place: 1.
 - new_chunks_are_fully_committed: 0.
 - uncommit_free_chunks: 1.
 - use_allocation_guard: 0.
 - handle_deallocations: 1.


Internal statistics:

num_allocs_failed_limit: 9.
num_arena_births: 726.
num_arena_deaths: 42.
num_vsnodes_births: 3.
num_vsnodes_deaths: 0.
num_space_committed: 1169.
num_space_uncommitted: 0.
num_chunks_returned_to_freelist: 54.
num_chunks_taken_from_freelist: 3917.
num_chunk_merges: 16.
num_chunk_splits: 2340.
num_chunks_enlarged: 1253.
num_inconsistent_stats: 0.

CodeHeap 'non-profiled nmethods': size=120000Kb used=3592Kb max_used=3592Kb free=116407Kb
 bounds [0x00000219b6c90000, 0x00000219b7020000, 0x00000219be1c0000]
CodeHeap 'profiled nmethods': size=120000Kb used=13910Kb max_used=15735Kb free=106089Kb
 bounds [0x00000219af1c0000, 0x00000219b0130000, 0x00000219b66f0000]
CodeHeap 'non-nmethods': size=5760Kb used=1380Kb max_used=1446Kb free=4379Kb
 bounds [0x00000219b66f0000, 0x00000219b6960000, 0x00000219b6c90000]
 total_blobs=8019 nmethods=7299 adapters=632
 compilation: enabled
              stopped_count=0, restarted_count=0
 full_count=0

Compilation events (20 events):
Event: 31.160 Thread 0x00000219c54ac330 nmethod 8802 0x00000219b6efa990 code [0x00000219b6efab20, 0x00000219b6efabf8]
Event: 31.160 Thread 0x00000219c54ac330 8796       4       jdk.internal.jrtfs.JrtFileSystem$$Lambda$258/0x000000010044a000::apply (16 bytes)
Event: 31.219 Thread 0x00000219c54ac330 nmethod 8796 0x00000219b6ef6690 code [0x00000219b6ef6960, 0x00000219b6ef91d0]
Event: 31.219 Thread 0x00000219c54ac330 8833       4       org.eclipse.jdt.internal.compiler.classfmt.MethodInfo::createMethod (710 bytes)
Event: 31.247 Thread 0x00000219c5511a50 8837       3       org.eclipse.jdt.internal.core.search.indexing.AbstractIndexer::addInterfaceDeclaration (86 bytes)
Event: 31.248 Thread 0x00000219c5511a50 nmethod 8837 0x00000219afd62910 code [0x00000219afd62bc0, 0x00000219afd63b88]
Event: 31.261 Thread 0x00000219c54ac330 nmethod 8833 0x00000219b6f37810 code [0x00000219b6f37a80, 0x00000219b6f3a320]
Event: 31.261 Thread 0x00000219c54ac330 8834       4       org.eclipse.jdt.core.Signature::appendClassTypeSignature (323 bytes)
Event: 31.279 Thread 0x00000219c54ac330 nmethod 8834 0x00000219b6f35610 code [0x00000219b6f35800, 0x00000219b6f36b88]
Event: 31.279 Thread 0x00000219c54ac330 8803       4       jdk.internal.jrtfs.JrtPath::resolve (125 bytes)
Event: 31.411 Thread 0x00000219c54ac330 nmethod 8803 0x00000219b6f32b10 code [0x00000219b6f32d60, 0x00000219b6f346e8]
Event: 31.411 Thread 0x00000219c54ac330 8797       4       jdk.internal.jrtfs.JrtFileSystem::lambda$iteratorOf$2 (20 bytes)
Event: 31.427 Thread 0x00000219c54ac330 nmethod 8797 0x00000219b6f30f10 code [0x00000219b6f31120, 0x00000219b6f320f0]
Event: 31.427 Thread 0x00000219c54ac330 8840       4       org.eclipse.core.runtime.Path::computeLength (100 bytes)
Event: 31.430 Thread 0x00000219c54ac330 nmethod 8840 0x00000219b6ef6090 code [0x00000219b6ef6220, 0x00000219b6ef6418]
Event: 31.430 Thread 0x00000219c54ac330 8787       4       jdk.internal.jrtfs.JrtPath::getNameCount (10 bytes)
Event: 31.432 Thread 0x00000219c5511a50 8841       2       org.eclipse.jdt.internal.compiler.classfmt.MethodInfo::decodeMethodParameters (129 bytes)
Event: 31.433 Thread 0x00000219c5511a50 nmethod 8841 0x00000219afc75610 code [0x00000219afc75820, 0x00000219afc75e68]
Event: 31.436 Thread 0x00000219c54ac330 nmethod 8787 0x00000219b6f2fe10 code [0x00000219b6f2ffe0, 0x00000219b6f30890]
Event: 31.436 Thread 0x00000219c54ac330 8784   !   4       java.nio.file.FileTreeWalker::visit (204 bytes)

GC Heap History (20 events):
Event: 31.054 GC heap before
{Heap before GC invocations=129 (full 9):
 PSYoungGen      total 9216K, used 8983K [0x00000000eab00000, 0x00000000eb700000, 0x0000000100000000)
  eden space 7168K, 100% used [0x00000000eab00000,0x00000000eb200000,0x00000000eb200000)
  from space 2048K, 88% used [0x00000000eb200000,0x00000000eb3c5fe0,0x00000000eb400000)
  to   space 2048K, 0% used [0x00000000eb500000,0x00000000eb500000,0x00000000eb700000)
 ParOldGen       total 239104K, used 226309K [0x00000000c0000000, 0x00000000ce980000, 0x00000000eab00000)
  object space 239104K, 94% used [0x00000000c0000000,0x00000000cdd01428,0x00000000ce980000)
 Metaspace       used 73589K, committed 74816K, reserved 1179648K
  class space    used 8328K, committed 8832K, reserved 1048576K
}
Event: 31.056 GC heap after
{Heap after GC invocations=129 (full 9):
 PSYoungGen      total 10240K, used 1714K [0x00000000eab00000, 0x00000000eb700000, 0x0000000100000000)
  eden space 8192K, 0% used [0x00000000eab00000,0x00000000eab00000,0x00000000eb300000)
  from space 2048K, 83% used [0x00000000eb500000,0x00000000eb6acbf0,0x00000000eb700000)
  to   space 2048K, 0% used [0x00000000eb300000,0x00000000eb300000,0x00000000eb500000)
 ParOldGen       total 239104K, used 227966K [0x00000000c0000000, 0x00000000ce980000, 0x00000000eab00000)
  object space 239104K, 95% used [0x00000000c0000000,0x00000000cde9fbd0,0x00000000ce980000)
 Metaspace       used 73589K, committed 74816K, reserved 1179648K
  class space    used 8328K, committed 8832K, reserved 1048576K
}
Event: 31.082 GC heap before
{Heap before GC invocations=130 (full 9):
 PSYoungGen      total 10240K, used 9906K [0x00000000eab00000, 0x00000000eb700000, 0x0000000100000000)
  eden space 8192K, 100% used [0x00000000eab00000,0x00000000eb300000,0x00000000eb300000)
  from space 2048K, 83% used [0x00000000eb500000,0x00000000eb6acbf0,0x00000000eb700000)
  to   space 2048K, 0% used [0x00000000eb300000,0x00000000eb300000,0x00000000eb500000)
 ParOldGen       total 239104K, used 227966K [0x00000000c0000000, 0x00000000ce980000, 0x00000000eab00000)
  object space 239104K, 95% used [0x00000000c0000000,0x00000000cde9fbd0,0x00000000ce980000)
 Metaspace       used 73589K, committed 74816K, reserved 1179648K
  class space    used 8328K, committed 8832K, reserved 1048576K
}
Event: 31.086 GC heap after
{Heap after GC invocations=130 (full 9):
 PSYoungGen      total 10240K, used 2026K [0x00000000eab00000, 0x00000000eb980000, 0x0000000100000000)
  eden space 8192K, 0% used [0x00000000eab00000,0x00000000eab00000,0x00000000eb300000)
  from space 2048K, 98% used [0x00000000eb300000,0x00000000eb4fa870,0x00000000eb500000)
  to   space 2560K, 0% used [0x00000000eb700000,0x00000000eb700000,0x00000000eb980000)
 ParOldGen       total 239104K, used 229545K [0x00000000c0000000, 0x00000000ce980000, 0x00000000eab00000)
  object space 239104K, 96% used [0x00000000c0000000,0x00000000ce02a7e8,0x00000000ce980000)
 Metaspace       used 73589K, committed 74816K, reserved 1179648K
  class space    used 8328K, committed 8832K, reserved 1048576K
}
Event: 31.111 GC heap before
{Heap before GC invocations=131 (full 9):
 PSYoungGen      total 10240K, used 10218K [0x00000000eab00000, 0x00000000eb980000, 0x0000000100000000)
  eden space 8192K, 100% used [0x00000000eab00000,0x00000000eb300000,0x00000000eb300000)
  from space 2048K, 98% used [0x00000000eb300000,0x00000000eb4fa870,0x00000000eb500000)
  to   space 2560K, 0% used [0x00000000eb700000,0x00000000eb700000,0x00000000eb980000)
 ParOldGen       total 239104K, used 229545K [0x00000000c0000000, 0x00000000ce980000, 0x00000000eab00000)
  object space 239104K, 96% used [0x00000000c0000000,0x00000000ce02a7e8,0x00000000ce980000)
 Metaspace       used 73589K, committed 74816K, reserved 1179648K
  class space    used 8328K, committed 8832K, reserved 1048576K
}
Event: 31.114 GC heap after
{Heap after GC invocations=131 (full 9):
 PSYoungGen      total 10240K, used 1978K [0x00000000eab00000, 0x00000000eb900000, 0x0000000100000000)
  eden space 8192K, 0% used [0x00000000eab00000,0x00000000eab00000,0x00000000eb300000)
  from space 2048K, 96% used [0x00000000eb700000,0x00000000eb8eeb40,0x00000000eb900000)
  to   space 2048K, 0% used [0x00000000eb300000,0x00000000eb300000,0x00000000eb500000)
 ParOldGen       total 239104K, used 231429K [0x00000000c0000000, 0x00000000ce980000, 0x00000000eab00000)
  object space 239104K, 96% used [0x00000000c0000000,0x00000000ce201438,0x00000000ce980000)
 Metaspace       used 73589K, committed 74816K, reserved 1179648K
  class space    used 8328K, committed 8832K, reserved 1048576K
}
Event: 31.140 GC heap before
{Heap before GC invocations=132 (full 9):
 PSYoungGen      total 10240K, used 10170K [0x00000000eab00000, 0x00000000eb900000, 0x0000000100000000)
  eden space 8192K, 100% used [0x00000000eab00000,0x00000000eb300000,0x00000000eb300000)
  from space 2048K, 96% used [0x00000000eb700000,0x00000000eb8eeb40,0x00000000eb900000)
  to   space 2048K, 0% used [0x00000000eb300000,0x00000000eb300000,0x00000000eb500000)
 ParOldGen       total 239104K, used 231429K [0x00000000c0000000, 0x00000000ce980000, 0x00000000eab00000)
  object space 239104K, 96% used [0x00000000c0000000,0x00000000ce201438,0x00000000ce980000)
 Metaspace       used 73589K, committed 74816K, reserved 1179648K
  class space    used 8328K, committed 8832K, reserved 1048576K
}
Event: 31.142 GC heap after
{Heap after GC invocations=132 (full 9):
 PSYoungGen      total 10240K, used 2028K [0x00000000eab00000, 0x00000000ebc00000, 0x0000000100000000)
  eden space 8192K, 0% used [0x00000000eab00000,0x00000000eab00000,0x00000000eb300000)
  from space 2048K, 99% used [0x00000000eb300000,0x00000000eb4fb1d0,0x00000000eb500000)
  to   space 4608K, 0% used [0x00000000eb780000,0x00000000eb780000,0x00000000ebc00000)
 ParOldGen       total 239104K, used 233282K [0x00000000c0000000, 0x00000000ce980000, 0x00000000eab00000)
  object space 239104K, 97% used [0x00000000c0000000,0x00000000ce3d0ba8,0x00000000ce980000)
 Metaspace       used 73589K, committed 74816K, reserved 1179648K
  class space    used 8328K, committed 8832K, reserved 1048576K
}
Event: 31.173 GC heap before
{Heap before GC invocations=133 (full 9):
 PSYoungGen      total 10240K, used 10220K [0x00000000eab00000, 0x00000000ebc00000, 0x0000000100000000)
  eden space 8192K, 100% used [0x00000000eab00000,0x00000000eb300000,0x00000000eb300000)
  from space 2048K, 99% used [0x00000000eb300000,0x00000000eb4fb1d0,0x00000000eb500000)
  to   space 4608K, 0% used [0x00000000eb780000,0x00000000eb780000,0x00000000ebc00000)
 ParOldGen       total 239104K, used 233282K [0x00000000c0000000, 0x00000000ce980000, 0x00000000eab00000)
  object space 239104K, 97% used [0x00000000c0000000,0x00000000ce3d0ba8,0x00000000ce980000)
 Metaspace       used 73589K, committed 74816K, reserved 1179648K
  class space    used 8328K, committed 8832K, reserved 1048576K
}
Event: 31.190 GC heap after
{Heap after GC invocations=133 (full 9):
 PSYoungGen      total 12800K, used 2033K [0x00000000eab00000, 0x00000000eba80000, 0x0000000100000000)
  eden space 9728K, 0% used [0x00000000eab00000,0x00000000eab00000,0x00000000eb480000)
  from space 3072K, 66% used [0x00000000eb780000,0x00000000eb97c640,0x00000000eba80000)
  to   space 3072K, 0% used [0x00000000eb480000,0x00000000eb480000,0x00000000eb780000)
 ParOldGen       total 239104K, used 235167K [0x00000000c0000000, 0x00000000ce980000, 0x00000000eab00000)
  object space 239104K, 98% used [0x00000000c0000000,0x00000000ce5a7de0,0x00000000ce980000)
 Metaspace       used 73589K, committed 74816K, reserved 1179648K
  class space    used 8328K, committed 8832K, reserved 1048576K
}
Event: 31.226 GC heap before
{Heap before GC invocations=134 (full 9):
 PSYoungGen      total 12800K, used 11761K [0x00000000eab00000, 0x00000000eba80000, 0x0000000100000000)
  eden space 9728K, 100% used [0x00000000eab00000,0x00000000eb480000,0x00000000eb480000)
  from space 3072K, 66% used [0x00000000eb780000,0x00000000eb97c640,0x00000000eba80000)
  to   space 3072K, 0% used [0x00000000eb480000,0x00000000eb480000,0x00000000eb780000)
 ParOldGen       total 239104K, used 235167K [0x00000000c0000000, 0x00000000ce980000, 0x00000000eab00000)
  object space 239104K, 98% used [0x00000000c0000000,0x00000000ce5a7de0,0x00000000ce980000)
 Metaspace       used 73589K, committed 74816K, reserved 1179648K
  class space    used 8328K, committed 8832K, reserved 1048576K
}
Event: 31.229 GC heap after
{Heap after GC invocations=134 (full 9):
 PSYoungGen      total 12800K, used 2330K [0x00000000eab00000, 0x00000000ebb00000, 0x0000000100000000)
  eden space 9728K, 0% used [0x00000000eab00000,0x00000000eab00000,0x00000000eb480000)
  from space 3072K, 75% used [0x00000000eb480000,0x00000000eb6c68a0,0x00000000eb780000)
  to   space 2560K, 0% used [0x00000000eb880000,0x00000000eb880000,0x00000000ebb00000)
 ParOldGen       total 239104K, used 236970K [0x00000000c0000000, 0x00000000ce980000, 0x00000000eab00000)
  object space 239104K, 99% used [0x00000000c0000000,0x00000000ce76aaa8,0x00000000ce980000)
 Metaspace       used 73589K, committed 74816K, reserved 1179648K
  class space    used 8328K, committed 8832K, reserved 1048576K
}
Event: 31.251 GC heap before
{Heap before GC invocations=135 (full 9):
 PSYoungGen      total 12800K, used 12058K [0x00000000eab00000, 0x00000000ebb00000, 0x0000000100000000)
  eden space 9728K, 100% used [0x00000000eab00000,0x00000000eb480000,0x00000000eb480000)
  from space 3072K, 75% used [0x00000000eb480000,0x00000000eb6c68a0,0x00000000eb780000)
  to   space 2560K, 0% used [0x00000000eb880000,0x00000000eb880000,0x00000000ebb00000)
 ParOldGen       total 239104K, used 236970K [0x00000000c0000000, 0x00000000ce980000, 0x00000000eab00000)
  object space 239104K, 99% used [0x00000000c0000000,0x00000000ce76aaa8,0x00000000ce980000)
 Metaspace       used 73589K, committed 74816K, reserved 1179648K
  class space    used 8328K, committed 8832K, reserved 1048576K
}
Event: 31.254 GC heap after
{Heap after GC invocations=135 (full 9):
 PSYoungGen      total 13824K, used 2224K [0x00000000eab00000, 0x00000000ebb00000, 0x0000000100000000)
  eden space 11264K, 0% used [0x00000000eab00000,0x00000000eab00000,0x00000000eb600000)
  from space 2560K, 86% used [0x00000000eb880000,0x00000000ebaac2d8,0x00000000ebb00000)
  to   space 2560K, 0% used [0x00000000eb600000,0x00000000eb600000,0x00000000eb880000)
 ParOldGen       total 239104K, used 239063K [0x00000000c0000000, 0x00000000ce980000, 0x00000000eab00000)
  object space 239104K, 99% used [0x00000000c0000000,0x00000000ce975f20,0x00000000ce980000)
 Metaspace       used 73589K, committed 74816K, reserved 1179648K
  class space    used 8328K, committed 8832K, reserved 1048576K
}
Event: 31.286 GC heap before
{Heap before GC invocations=136 (full 10):
 PSYoungGen      total 13824K, used 13488K [0x00000000eab00000, 0x00000000ebb00000, 0x0000000100000000)
  eden space 11264K, 100% used [0x00000000eab00000,0x00000000eb600000,0x00000000eb600000)
  from space 2560K, 86% used [0x00000000eb880000,0x00000000ebaac2d8,0x00000000ebb00000)
  to   space 2560K, 0% used [0x00000000eb600000,0x00000000eb600000,0x00000000eb880000)
 ParOldGen       total 239104K, used 239063K [0x00000000c0000000, 0x00000000ce980000, 0x00000000eab00000)
  object space 239104K, 99% used [0x00000000c0000000,0x00000000ce975f20,0x00000000ce980000)
 Metaspace       used 73589K, committed 74816K, reserved 1179648K
  class space    used 8328K, committed 8832K, reserved 1048576K
}
Event: 31.409 GC heap after
{Heap after GC invocations=136 (full 10):
 PSYoungGen      total 13824K, used 585K [0x00000000eab00000, 0x00000000ebc80000, 0x0000000100000000)
  eden space 11264K, 0% used [0x00000000eab00000,0x00000000eab00000,0x00000000eb600000)
  from space 2560K, 22% used [0x00000000eb880000,0x00000000eb912490,0x00000000ebb00000)
  to   space 2560K, 0% used [0x00000000eb600000,0x00000000eb600000,0x00000000eb880000)
 ParOldGen       total 272384K, used 238891K [0x00000000c0000000, 0x00000000d0a00000, 0x00000000eab00000)
  object space 272384K, 87% used [0x00000000c0000000,0x00000000ce94ae60,0x00000000d0a00000)
 Metaspace       used 73589K, committed 74816K, reserved 1179648K
  class space    used 8328K, committed 8832K, reserved 1048576K
}
Event: 31.448 GC heap before
{Heap before GC invocations=137 (full 10):
 PSYoungGen      total 13824K, used 11849K [0x00000000eab00000, 0x00000000ebc80000, 0x0000000100000000)
  eden space 11264K, 100% used [0x00000000eab00000,0x00000000eb600000,0x00000000eb600000)
  from space 2560K, 22% used [0x00000000eb880000,0x00000000eb912490,0x00000000ebb00000)
  to   space 2560K, 0% used [0x00000000eb600000,0x00000000eb600000,0x00000000eb880000)
 ParOldGen       total 272384K, used 238891K [0x00000000c0000000, 0x00000000d0a00000, 0x00000000eab00000)
  object space 272384K, 87% used [0x00000000c0000000,0x00000000ce94ae60,0x00000000d0a00000)
 Metaspace       used 73589K, committed 74816K, reserved 1179648K
  class space    used 8328K, committed 8832K, reserved 1048576K
}
Event: 31.464 GC heap after
{Heap after GC invocations=137 (full 10):
 PSYoungGen      total 13824K, used 2559K [0x00000000eab00000, 0x00000000ebc80000, 0x0000000100000000)
  eden space 11264K, 0% used [0x00000000eab00000,0x00000000eab00000,0x00000000eb600000)
  from space 2560K, 99% used [0x00000000eb600000,0x00000000eb87fe70,0x00000000eb880000)
  to   space 2560K, 0% used [0x00000000eb880000,0x00000000eb880000,0x00000000ebb00000)
 ParOldGen       total 272384K, used 239701K [0x00000000c0000000, 0x00000000d0a00000, 0x00000000eab00000)
  object space 272384K, 88% used [0x00000000c0000000,0x00000000cea156c0,0x00000000d0a00000)
 Metaspace       used 73589K, committed 74816K, reserved 1179648K
  class space    used 8328K, committed 8832K, reserved 1048576K
}
Event: 31.507 GC heap before
{Heap before GC invocations=138 (full 10):
 PSYoungGen      total 13824K, used 13823K [0x00000000eab00000, 0x00000000ebc80000, 0x0000000100000000)
  eden space 11264K, 100% used [0x00000000eab00000,0x00000000eb600000,0x00000000eb600000)
  from space 2560K, 99% used [0x00000000eb600000,0x00000000eb87fe70,0x00000000eb880000)
  to   space 2560K, 0% used [0x00000000eb880000,0x00000000eb880000,0x00000000ebb00000)
 ParOldGen       total 272384K, used 239701K [0x00000000c0000000, 0x00000000d0a00000, 0x00000000eab00000)
  object space 272384K, 88% used [0x00000000c0000000,0x00000000cea156c0,0x00000000d0a00000)
 Metaspace       used 73589K, committed 74816K, reserved 1179648K
  class space    used 8328K, committed 8832K, reserved 1048576K
}
Event: 31.510 GC heap after
{Heap after GC invocations=138 (full 10):
 PSYoungGen      total 13824K, used 2535K [0x00000000eab00000, 0x00000000ebc80000, 0x0000000100000000)
  eden space 11264K, 0% used [0x00000000eab00000,0x00000000eab00000,0x00000000eb600000)
  from space 2560K, 99% used [0x00000000eb880000,0x00000000ebaf9c78,0x00000000ebb00000)
  to   space 2560K, 0% used [0x00000000eb600000,0x00000000eb600000,0x00000000eb880000)
 ParOldGen       total 272384K, used 242343K [0x00000000c0000000, 0x00000000d0a00000, 0x00000000eab00000)
  object space 272384K, 88% used [0x00000000c0000000,0x00000000ceca9c30,0x00000000d0a00000)
 Metaspace       used 73589K, committed 74816K, reserved 1179648K
  class space    used 8328K, committed 8832K, reserved 1048576K
}

Dll operation events (13 events):
Event: 0.028 Loaded shared library c:\Users\PRAWIN\.vscode\extensions\redhat.java-1.38.0-win32-x64\jre\17.0.13-win32-x86_64\bin\java.dll
Event: 0.285 Loaded shared library c:\Users\PRAWIN\.vscode\extensions\redhat.java-1.38.0-win32-x64\jre\17.0.13-win32-x86_64\bin\zip.dll
Event: 0.287 Loaded shared library C:\Users\PRAWIN\.vscode\extensions\redhat.java-1.38.0-win32-x64\jre\17.0.13-win32-x86_64\bin\instrument.dll
Event: 0.307 Loaded shared library C:\Users\PRAWIN\.vscode\extensions\redhat.java-1.38.0-win32-x64\jre\17.0.13-win32-x86_64\bin\net.dll
Event: 0.310 Loaded shared library C:\Users\PRAWIN\.vscode\extensions\redhat.java-1.38.0-win32-x64\jre\17.0.13-win32-x86_64\bin\nio.dll
Event: 0.337 Loaded shared library C:\Users\PRAWIN\.vscode\extensions\redhat.java-1.38.0-win32-x64\jre\17.0.13-win32-x86_64\bin\zip.dll
Event: 0.353 Loaded shared library C:\Users\PRAWIN\.vscode\extensions\redhat.java-1.38.0-win32-x64\jre\17.0.13-win32-x86_64\bin\jimage.dll
Event: 0.469 Loaded shared library c:\Users\PRAWIN\.vscode\extensions\redhat.java-1.38.0-win32-x64\jre\17.0.13-win32-x86_64\bin\verify.dll
Event: 9.303 Loaded shared library C:\Users\PRAWIN\AppData\Roaming\Code\User\globalStorage\redhat.java\1.38.0\config_win\org.eclipse.equinox.launcher\org.eclipse.equinox.launcher.win32.win32.x86_64_1.2.1100.v20240722-2106\eclipse_11904.dll
Event: 18.606 Loaded shared library C:\Users\PRAWIN\AppData\Local\Temp\jna--1926884131\jna10045824022681673509.dll
Event: 21.825 Loaded shared library C:\Users\PRAWIN\.gradle\native\c067742578af261105cb4f569cf0c3c89f3d7b1fecec35dd04571415982c5e48\windows-amd64\native-platform.dll
Event: 24.355 Loaded shared library C:\Users\PRAWIN\.vscode\extensions\redhat.java-1.38.0-win32-x64\jre\17.0.13-win32-x86_64\bin\management.dll
Event: 24.360 Loaded shared library C:\Users\PRAWIN\.vscode\extensions\redhat.java-1.38.0-win32-x64\jre\17.0.13-win32-x86_64\bin\management_ext.dll

Deoptimization events (20 events):
Event: 30.545 Thread 0x00000219c7112920 DEOPT PACKING pc=0x00000219afc0044e sp=0x00000037375fece0
Event: 30.545 Thread 0x00000219c7112920 DEOPT UNPACKING pc=0x00000219b674a9e3 sp=0x00000037375fe158 mode 0
Event: 30.597 Thread 0x00000219c7112920 DEOPT PACKING pc=0x00000219afc0044e sp=0x00000037375fecb0
Event: 30.597 Thread 0x00000219c7112920 DEOPT UNPACKING pc=0x00000219b674a9e3 sp=0x00000037375fe128 mode 0
Event: 30.652 Thread 0x00000219c7112920 DEOPT PACKING pc=0x00000219afc0044e sp=0x00000037375fec20
Event: 30.652 Thread 0x00000219c7112920 DEOPT UNPACKING pc=0x00000219b674a9e3 sp=0x00000037375fe098 mode 0
Event: 30.829 Thread 0x00000219c7112920 DEOPT PACKING pc=0x00000219afc0044e sp=0x00000037375fec20
Event: 30.829 Thread 0x00000219c7112920 DEOPT UNPACKING pc=0x00000219b674a9e3 sp=0x00000037375fe098 mode 0
Event: 30.896 Thread 0x00000219c7112920 DEOPT PACKING pc=0x00000219afc0044e sp=0x00000037375fec20
Event: 30.896 Thread 0x00000219c7112920 DEOPT UNPACKING pc=0x00000219b674a9e3 sp=0x00000037375fe098 mode 0
Event: 30.943 Thread 0x00000219c7112920 DEOPT PACKING pc=0x00000219afc0044e sp=0x00000037375fec20
Event: 30.943 Thread 0x00000219c7112920 DEOPT UNPACKING pc=0x00000219b674a9e3 sp=0x00000037375fe098 mode 0
Event: 31.020 Thread 0x00000219c7112920 DEOPT PACKING pc=0x00000219afc0044e sp=0x00000037375fec20
Event: 31.020 Thread 0x00000219c7112920 DEOPT UNPACKING pc=0x00000219b674a9e3 sp=0x00000037375fe098 mode 0
Event: 31.087 Thread 0x00000219c7112920 DEOPT PACKING pc=0x00000219afc0044e sp=0x00000037375fec20
Event: 31.087 Thread 0x00000219c7112920 DEOPT UNPACKING pc=0x00000219b674a9e3 sp=0x00000037375fe098 mode 0
Event: 31.246 Thread 0x00000219c7112920 DEOPT PACKING pc=0x00000219afc0044e sp=0x00000037375fec20
Event: 31.246 Thread 0x00000219c7112920 DEOPT UNPACKING pc=0x00000219b674a9e3 sp=0x00000037375fe098 mode 0
Event: 31.482 Thread 0x00000219c7112920 DEOPT PACKING pc=0x00000219afc0044e sp=0x00000037375fec20
Event: 31.482 Thread 0x00000219c7112920 DEOPT UNPACKING pc=0x00000219b674a9e3 sp=0x00000037375fe098 mode 0

Classes loaded (20 events):
Event: 27.032 Loading class java/util/concurrent/CompletableFuture$UniExceptionally
Event: 27.032 Loading class java/util/concurrent/CompletableFuture$UniExceptionally done
Event: 27.056 Loading class java/nio/charset/CharacterCodingException
Event: 27.056 Loading class java/nio/charset/CharacterCodingException done
Event: 27.057 Loading class java/io/SequenceInputStream
Event: 27.057 Loading class java/io/SequenceInputStream done
Event: 27.099 Loading class java/util/regex/PatternSyntaxException
Event: 27.100 Loading class java/util/regex/PatternSyntaxException done
Event: 28.579 Loading class java/util/stream/DistinctOps
Event: 28.579 Loading class java/util/stream/DistinctOps done
Event: 28.579 Loading class java/util/stream/DistinctOps$1
Event: 28.579 Loading class java/util/stream/DistinctOps$1 done
Event: 28.582 Loading class java/util/stream/DistinctOps$1$2
Event: 28.583 Loading class java/util/stream/DistinctOps$1$2 done
Event: 29.231 Loading class java/lang/UnsupportedClassVersionError
Event: 29.231 Loading class java/lang/UnsupportedClassVersionError done
Event: 29.231 Loading class java/io/FileReader
Event: 29.231 Loading class java/io/FileReader done
Event: 29.246 Loading class jdk/internal/reflect/UnsafeQualifiedStaticIntegerFieldAccessorImpl
Event: 29.246 Loading class jdk/internal/reflect/UnsafeQualifiedStaticIntegerFieldAccessorImpl done

Classes unloaded (20 events):
Event: 19.658 Thread 0x00000219ac5d7b50 Unloading class 0x0000000100253c00 'java/lang/invoke/LambdaForm$MH+0x0000000100253c00'
Event: 19.658 Thread 0x00000219ac5d7b50 Unloading class 0x0000000100253800 'java/lang/invoke/LambdaForm$MH+0x0000000100253800'
Event: 19.658 Thread 0x00000219ac5d7b50 Unloading class 0x0000000100253400 'java/lang/invoke/LambdaForm$MH+0x0000000100253400'
Event: 19.658 Thread 0x00000219ac5d7b50 Unloading class 0x0000000100253000 'java/lang/invoke/LambdaForm$BMH+0x0000000100253000'
Event: 19.658 Thread 0x00000219ac5d7b50 Unloading class 0x0000000100252c00 'java/lang/invoke/LambdaForm$DMH+0x0000000100252c00'
Event: 19.658 Thread 0x00000219ac5d7b50 Unloading class 0x0000000100250400 'java/lang/invoke/LambdaForm$DMH+0x0000000100250400'
Event: 21.746 Thread 0x00000219ac5d7b50 Unloading class 0x000000010046b000 'java/lang/invoke/LambdaForm$MH+0x000000010046b000'
Event: 21.746 Thread 0x00000219ac5d7b50 Unloading class 0x000000010046a800 'java/lang/invoke/LambdaForm$MH+0x000000010046a800'
Event: 21.746 Thread 0x00000219ac5d7b50 Unloading class 0x0000000100469800 'java/lang/invoke/LambdaForm$MH+0x0000000100469800'
Event: 21.746 Thread 0x00000219ac5d7b50 Unloading class 0x0000000100469000 'java/lang/invoke/LambdaForm$MH+0x0000000100469000'
Event: 21.746 Thread 0x00000219ac5d7b50 Unloading class 0x0000000100464800 'java/lang/invoke/LambdaForm$MH+0x0000000100464800'
Event: 21.746 Thread 0x00000219ac5d7b50 Unloading class 0x0000000100464000 'java/lang/invoke/LambdaForm$MH+0x0000000100464000'
Event: 21.746 Thread 0x00000219ac5d7b50 Unloading class 0x0000000100463800 'java/lang/invoke/LambdaForm$MH+0x0000000100463800'
Event: 21.746 Thread 0x00000219ac5d7b50 Unloading class 0x0000000100463400 'java/lang/invoke/LambdaForm$MH+0x0000000100463400'
Event: 21.746 Thread 0x00000219ac5d7b50 Unloading class 0x0000000100462800 'java/lang/invoke/LambdaForm$MH+0x0000000100462800'
Event: 21.746 Thread 0x00000219ac5d7b50 Unloading class 0x0000000100462000 'java/lang/invoke/LambdaForm$MH+0x0000000100462000'
Event: 21.746 Thread 0x00000219ac5d7b50 Unloading class 0x0000000100461c00 'java/lang/invoke/LambdaForm$MH+0x0000000100461c00'
Event: 21.746 Thread 0x00000219ac5d7b50 Unloading class 0x0000000100461800 'java/lang/invoke/LambdaForm$DMH+0x0000000100461800'
Event: 21.746 Thread 0x00000219ac5d7b50 Unloading class 0x0000000100460c00 'java/lang/invoke/LambdaForm$MH+0x0000000100460c00'
Event: 21.746 Thread 0x00000219ac5d7b50 Unloading class 0x0000000100460400 'java/lang/invoke/LambdaForm$DMH+0x0000000100460400'

Classes redefined (0 events):
No events

Internal exceptions (20 events):
Event: 26.314 Thread 0x00000219c856a980 Exception <a 'sun/nio/fs/WindowsException'{0x00000000eba8a090}> (0x00000000eba8a090) 
thrown [s\src\hotspot\share\prims\jni.cpp, line 516]
Event: 26.314 Thread 0x00000219c856a980 Exception <a 'sun/nio/fs/WindowsException'{0x00000000eba8d7e0}> (0x00000000eba8d7e0) 
thrown [s\src\hotspot\share\prims\jni.cpp, line 516]
Event: 26.314 Thread 0x00000219c856a980 Exception <a 'sun/nio/fs/WindowsException'{0x00000000eba91388}> (0x00000000eba91388) 
thrown [s\src\hotspot\share\prims\jni.cpp, line 516]
Event: 26.315 Thread 0x00000219c856a980 Exception <a 'sun/nio/fs/WindowsException'{0x00000000eba94f50}> (0x00000000eba94f50) 
thrown [s\src\hotspot\share\prims\jni.cpp, line 516]
Event: 26.319 Thread 0x00000219c856a980 Exception <a 'sun/nio/fs/WindowsException'{0x00000000eba98760}> (0x00000000eba98760) 
thrown [s\src\hotspot\share\prims\jni.cpp, line 516]
Event: 26.321 Thread 0x00000219c856a980 Exception <a 'sun/nio/fs/WindowsException'{0x00000000eba9f060}> (0x00000000eba9f060) 
thrown [s\src\hotspot\share\prims\jni.cpp, line 516]
Event: 26.321 Thread 0x00000219c856a980 Exception <a 'sun/nio/fs/WindowsException'{0x00000000ebaa4fc0}> (0x00000000ebaa4fc0) 
thrown [s\src\hotspot\share\prims\jni.cpp, line 516]
Event: 26.321 Thread 0x00000219c856a980 Exception <a 'sun/nio/fs/WindowsException'{0x00000000ebaa94f8}> (0x00000000ebaa94f8) 
thrown [s\src\hotspot\share\prims\jni.cpp, line 516]
Event: 26.322 Thread 0x00000219c856a980 Exception <a 'sun/nio/fs/WindowsException'{0x00000000ebaae4f8}> (0x00000000ebaae4f8) 
thrown [s\src\hotspot\share\prims\jni.cpp, line 516]
Event: 26.865 Thread 0x00000219c856ae90 Exception <a 'sun/nio/fs/WindowsException'{0x00000000eb6a7aa0}> (0x00000000eb6a7aa0) 
thrown [s\src\hotspot\share\prims\jni.cpp, line 516]
Event: 26.865 Thread 0x00000219c856ae90 Exception <a 'sun/nio/fs/WindowsException'{0x00000000eb6a80d8}> (0x00000000eb6a80d8) 
thrown [s\src\hotspot\share\prims\jni.cpp, line 516]
Event: 26.866 Thread 0x00000219c856ae90 Exception <a 'sun/nio/fs/WindowsException'{0x00000000eb6ac820}> (0x00000000eb6ac820) 
thrown [s\src\hotspot\share\prims\jni.cpp, line 516]
Event: 26.866 Thread 0x00000219c856ae90 Exception <a 'sun/nio/fs/WindowsException'{0x00000000eb6ad0c0}> (0x00000000eb6ad0c0) 
thrown [s\src\hotspot\share\prims\jni.cpp, line 516]
Event: 26.888 Thread 0x00000219c856ae90 Exception <a 'sun/nio/fs/WindowsException'{0x00000000eb7cbdf0}> (0x00000000eb7cbdf0) 
thrown [s\src\hotspot\share\prims\jni.cpp, line 516]
Event: 26.888 Thread 0x00000219c856ae90 Exception <a 'sun/nio/fs/WindowsException'{0x00000000eb7ccb58}> (0x00000000eb7ccb58) 
thrown [s\src\hotspot\share\prims\jni.cpp, line 516]
Event: 26.889 Thread 0x00000219c856ae90 Exception <a 'sun/nio/fs/WindowsException'{0x00000000eb7ef890}> (0x00000000eb7ef890) 
thrown [s\src\hotspot\share\prims\jni.cpp, line 516]
Event: 26.890 Thread 0x00000219c856ae90 Exception <a 'sun/nio/fs/WindowsException'{0x00000000eb7f03b8}> (0x00000000eb7f03b8) 
thrown [s\src\hotspot\share\prims\jni.cpp, line 516]
Event: 27.028 Thread 0x00000219c7112410 Exception <a 'java/lang/NoSuchMethodError'{0x00000000ebe78840}: 'java.lang.Object java.lang.invoke.DirectMethodHandle$Holder.invokeStatic(java.lang.Object, java.lang.Object, int, java.lang.Object)'> (0x00000000ebe78840) 
thrown [s\src\hotspot\share\interpreter\linkResolver.cpp, line 759]
Event: 27.107 Thread 0x00000219c7112410 Exception <a 'java/io/FileNotFoundException'{0x00000000eb19a240}> (0x00000000eb19a240) 
thrown [s\src\hotspot\share\prims\jni.cpp, line 516]
Event: 27.108 Thread 0x00000219c7112410 Exception <a 'java/io/FileNotFoundException'{0x00000000eb19afb0}> (0x00000000eb19afb0) 
thrown [s\src\hotspot\share\prims\jni.cpp, line 516]

VM Operations (20 events):
Event: 31.054 Executing VM operation: ParallelGCFailedAllocation
Event: 31.056 Executing VM operation: ParallelGCFailedAllocation done
Event: 31.082 Executing VM operation: ParallelGCFailedAllocation
Event: 31.086 Executing VM operation: ParallelGCFailedAllocation done
Event: 31.111 Executing VM operation: ParallelGCFailedAllocation
Event: 31.114 Executing VM operation: ParallelGCFailedAllocation done
Event: 31.139 Executing VM operation: ParallelGCFailedAllocation
Event: 31.142 Executing VM operation: ParallelGCFailedAllocation done
Event: 31.173 Executing VM operation: ParallelGCFailedAllocation
Event: 31.190 Executing VM operation: ParallelGCFailedAllocation done
Event: 31.226 Executing VM operation: ParallelGCFailedAllocation
Event: 31.229 Executing VM operation: ParallelGCFailedAllocation done
Event: 31.251 Executing VM operation: ParallelGCFailedAllocation
Event: 31.254 Executing VM operation: ParallelGCFailedAllocation done
Event: 31.286 Executing VM operation: ParallelGCFailedAllocation
Event: 31.409 Executing VM operation: ParallelGCFailedAllocation done
Event: 31.448 Executing VM operation: ParallelGCFailedAllocation
Event: 31.464 Executing VM operation: ParallelGCFailedAllocation done
Event: 31.507 Executing VM operation: ParallelGCFailedAllocation
Event: 31.510 Executing VM operation: ParallelGCFailedAllocation done

Memory protections (0 events):
No events

Nmethod flushes (20 events):
Event: 28.557 Thread 0x00000219c5514720 flushing  nmethod 0x00000219b002ba90
Event: 28.557 Thread 0x00000219c5514720 flushing  nmethod 0x00000219b002da90
Event: 28.557 Thread 0x00000219c5514720 flushing  nmethod 0x00000219b0036810
Event: 28.557 Thread 0x00000219c5514720 flushing  nmethod 0x00000219b003a510
Event: 28.557 Thread 0x00000219c5514720 flushing  nmethod 0x00000219b003ad90
Event: 28.557 Thread 0x00000219c5514720 flushing  nmethod 0x00000219b003b510
Event: 28.557 Thread 0x00000219c5514720 flushing  nmethod 0x00000219b003ba90
Event: 28.557 Thread 0x00000219c5514720 flushing  nmethod 0x00000219b003c090
Event: 28.557 Thread 0x00000219c5514720 flushing  nmethod 0x00000219b0054c10
Event: 28.557 Thread 0x00000219c5514720 flushing  nmethod 0x00000219b0058c10
Event: 28.557 Thread 0x00000219c5514720 flushing  nmethod 0x00000219b0063590
Event: 28.557 Thread 0x00000219c5514720 flushing  nmethod 0x00000219b0081410
Event: 28.557 Thread 0x00000219c5514720 flushing  nmethod 0x00000219b0084310
Event: 28.557 Thread 0x00000219c5514720 flushing  nmethod 0x00000219b0085890
Event: 28.557 Thread 0x00000219c5514720 flushing osr nmethod 0x00000219b0096590
Event: 28.557 Thread 0x00000219c5514720 flushing osr nmethod 0x00000219b0098f10
Event: 28.557 Thread 0x00000219c5514720 flushing  nmethod 0x00000219b00a1e90
Event: 28.557 Thread 0x00000219c5514720 flushing  nmethod 0x00000219b00a7410
Event: 28.557 Thread 0x00000219c5514720 flushing  nmethod 0x00000219b00cc790
Event: 28.557 Thread 0x00000219c5514720 flushing  nmethod 0x00000219b00cd010

Events (20 events):
Event: 24.378 Thread 0x00000219c856a980 Thread added: 0x00000219c74e4820
Event: 24.857 Thread 0x00000219c74e4820 Thread added: 0x00000219c74dd8c0
Event: 24.880 Thread 0x00000219c74dd8c0 Thread added: 0x00000219c74e5240
Event: 24.880 Thread 0x00000219c74dd8c0 Thread added: 0x00000219c74dddd0
Event: 25.061 Thread 0x00000219c8569540 Thread exited: 0x00000219c8569540
Event: 25.062 Thread 0x00000219c74e4820 Thread exited: 0x00000219c74e4820
Event: 25.078 Thread 0x00000219c856a980 Thread added: 0x00000219c74e4820
Event: 25.079 Thread 0x00000219c856a980 Thread added: 0x00000219c74e0140
Event: 25.096 Thread 0x00000219c856a980 Thread added: 0x00000219c74e0650
Event: 25.103 Thread 0x00000219c74e0650 Thread exited: 0x00000219c74e0650
Event: 25.103 Thread 0x00000219c74e0140 Thread exited: 0x00000219c74e0140
Event: 25.104 Thread 0x00000219c856a980 Thread added: 0x00000219c74e0140
Event: 25.105 Thread 0x00000219c856a980 Thread added: 0x00000219c74e0650
Event: 25.123 Thread 0x00000219c74e0650 Thread exited: 0x00000219c74e0650
Event: 25.665 Thread 0x00000219c856a980 Thread added: 0x00000219c74e0650
Event: 25.666 Thread 0x00000219c856a980 Thread added: 0x00000219c7114270
Event: 25.777 Thread 0x00000219c7114270 Thread exited: 0x00000219c7114270
Event: 27.032 Thread 0x00000219c856ae90 Thread added: 0x00000219c7114270
Event: 27.034 Thread 0x00000219c856ae90 Thread added: 0x00000219c8569540
Event: 27.043 Thread 0x00000219c8569540 Thread added: 0x00000219c9abd760


Dynamic libraries:
0x00007ff7bc5e0000 - 0x00007ff7bc5ee000 	c:\Users\PRAWIN\.vscode\extensions\redhat.java-1.38.0-win32-x64\jre\17.0.13-win32-x86_64\bin\java.exe
0x00007ffaa8730000 - 0x00007ffaa8947000 	C:\WINDOWS\SYSTEM32\ntdll.dll
0x00007ffaa7a10000 - 0x00007ffaa7ad4000 	C:\WINDOWS\System32\KERNEL32.DLL
0x00007ffaa5e50000 - 0x00007ffaa620a000 	C:\WINDOWS\System32\KERNELBASE.dll
0x00007ffaa5c70000 - 0x00007ffaa5d81000 	C:\WINDOWS\System32\ucrtbase.dll
0x00007ffa904b0000 - 0x00007ffa904c7000 	c:\Users\PRAWIN\.vscode\extensions\redhat.java-1.38.0-win32-x64\jre\17.0.13-win32-x86_64\bin\jli.dll
0x00007ffaa6b10000 - 0x00007ffaa6cbe000 	C:\WINDOWS\System32\USER32.dll
0x00007ffaa5a00000 - 0x00007ffaa5a26000 	C:\WINDOWS\System32\win32u.dll
0x00007ffaa6430000 - 0x00007ffaa6459000 	C:\WINDOWS\System32\GDI32.dll
0x00007ffaa5a30000 - 0x00007ffaa5b4b000 	C:\WINDOWS\System32\gdi32full.dll
0x00007ffaa5bd0000 - 0x00007ffaa5c6a000 	C:\WINDOWS\System32\msvcp_win.dll
0x00007ffa8efa0000 - 0x00007ffa8efbe000 	c:\Users\PRAWIN\.vscode\extensions\redhat.java-1.38.0-win32-x64\jre\17.0.13-win32-x86_64\bin\VCRUNTIME140.dll
0x00007ffa875c0000 - 0x00007ffa87852000 	C:\WINDOWS\WinSxS\amd64_microsoft.windows.common-controls_6595b64144ccf1df_6.0.22621.4541_none_2710d1c57384c085\COMCTL32.dll
0x00007ffaa7b90000 - 0x00007ffaa7c37000 	C:\WINDOWS\System32\msvcrt.dll
0x00007ffaa6540000 - 0x00007ffaa6571000 	C:\WINDOWS\System32\IMM32.DLL
0x00007ffa9e2f0000 - 0x00007ffa9e2fc000 	c:\Users\PRAWIN\.vscode\extensions\redhat.java-1.38.0-win32-x64\jre\17.0.13-win32-x86_64\bin\vcruntime140_1.dll
0x00007ffa8be40000 - 0x00007ffa8becd000 	c:\Users\PRAWIN\.vscode\extensions\redhat.java-1.38.0-win32-x64\jre\17.0.13-win32-x86_64\bin\msvcp140.dll
0x00007ffa41f10000 - 0x00007ffa42b7b000 	c:\Users\PRAWIN\.vscode\extensions\redhat.java-1.38.0-win32-x64\jre\17.0.13-win32-x86_64\bin\server\jvm.dll
0x00007ffaa7950000 - 0x00007ffaa7a02000 	C:\WINDOWS\System32\ADVAPI32.dll
0x00007ffaa8520000 - 0x00007ffaa85c7000 	C:\WINDOWS\System32\sechost.dll
0x00007ffaa6210000 - 0x00007ffaa6238000 	C:\WINDOWS\System32\bcrypt.dll
0x00007ffaa85d0000 - 0x00007ffaa86e4000 	C:\WINDOWS\System32\RPCRT4.dll
0x00007ffaa6460000 - 0x00007ffaa64d1000 	C:\WINDOWS\System32\WS2_32.dll
0x00007ffaa4890000 - 0x00007ffaa48dd000 	C:\WINDOWS\SYSTEM32\POWRPROF.dll
0x00007ffaa0ec0000 - 0x00007ffaa0ef4000 	C:\WINDOWS\SYSTEM32\WINMM.dll
0x00007ffa9e840000 - 0x00007ffa9e84a000 	C:\WINDOWS\SYSTEM32\VERSION.dll
0x00007ffaa4850000 - 0x00007ffaa4863000 	C:\WINDOWS\SYSTEM32\UMPDC.dll
0x00007ffaa4b30000 - 0x00007ffaa4b48000 	C:\WINDOWS\SYSTEM32\kernel.appcore.dll
0x00007ffa904a0000 - 0x00007ffa904aa000 	c:\Users\PRAWIN\.vscode\extensions\redhat.java-1.38.0-win32-x64\jre\17.0.13-win32-x86_64\bin\jimage.dll
0x00007ffaa2f60000 - 0x00007ffaa3192000 	C:\WINDOWS\SYSTEM32\DBGHELP.DLL
0x00007ffaa7290000 - 0x00007ffaa761f000 	C:\WINDOWS\System32\combase.dll
0x00007ffaa65a0000 - 0x00007ffaa6677000 	C:\WINDOWS\System32\OLEAUT32.dll
0x00007ffa799b0000 - 0x00007ffa799e2000 	C:\WINDOWS\SYSTEM32\dbgcore.DLL
0x00007ffaa6240000 - 0x00007ffaa62bb000 	C:\WINDOWS\System32\bcryptPrimitives.dll
0x00007ffa8fae0000 - 0x00007ffa8faee000 	c:\Users\PRAWIN\.vscode\extensions\redhat.java-1.38.0-win32-x64\jre\17.0.13-win32-x86_64\bin\instrument.dll
0x00007ffa8e6d0000 - 0x00007ffa8e6f5000 	c:\Users\PRAWIN\.vscode\extensions\redhat.java-1.38.0-win32-x64\jre\17.0.13-win32-x86_64\bin\java.dll
0x00007ffa8db40000 - 0x00007ffa8db58000 	c:\Users\PRAWIN\.vscode\extensions\redhat.java-1.38.0-win32-x64\jre\17.0.13-win32-x86_64\bin\zip.dll
0x00007ffaa7ca0000 - 0x00007ffaa8518000 	C:\WINDOWS\System32\SHELL32.dll
0x00007ffaa3900000 - 0x00007ffaa4208000 	C:\WINDOWS\SYSTEM32\windows.storage.dll
0x00007ffaa37c0000 - 0x00007ffaa38ff000 	C:\WINDOWS\SYSTEM32\wintypes.dll
0x00007ffaa6dd0000 - 0x00007ffaa6eca000 	C:\WINDOWS\System32\SHCORE.dll
0x00007ffaa7620000 - 0x00007ffaa767e000 	C:\WINDOWS\System32\shlwapi.dll
0x00007ffaa5930000 - 0x00007ffaa595b000 	C:\WINDOWS\SYSTEM32\profapi.dll
0x00007ffa8db20000 - 0x00007ffa8db39000 	C:\Users\PRAWIN\.vscode\extensions\redhat.java-1.38.0-win32-x64\jre\17.0.13-win32-x86_64\bin\net.dll
0x00007ffaa2210000 - 0x00007ffaa2346000 	C:\WINDOWS\SYSTEM32\WINHTTP.dll
0x00007ffaa4fb0000 - 0x00007ffaa5019000 	C:\WINDOWS\system32\mswsock.dll
0x00007ffa8da10000 - 0x00007ffa8da26000 	C:\Users\PRAWIN\.vscode\extensions\redhat.java-1.38.0-win32-x64\jre\17.0.13-win32-x86_64\bin\nio.dll
0x00007ffa8ef40000 - 0x00007ffa8ef50000 	c:\Users\PRAWIN\.vscode\extensions\redhat.java-1.38.0-win32-x64\jre\17.0.13-win32-x86_64\bin\verify.dll
0x00007ffa8b750000 - 0x00007ffa8b795000 	C:\Users\PRAWIN\AppData\Roaming\Code\User\globalStorage\redhat.java\1.38.0\config_win\org.eclipse.equinox.launcher\org.eclipse.equinox.launcher.win32.win32.x86_64_1.2.1100.v20240722-2106\eclipse_11904.dll
0x00007ffaa70e0000 - 0x00007ffaa7285000 	C:\WINDOWS\System32\ole32.dll
0x00007ffaa5200000 - 0x00007ffaa521b000 	C:\WINDOWS\SYSTEM32\CRYPTSP.dll
0x00007ffaa4a90000 - 0x00007ffaa4ac5000 	C:\WINDOWS\system32\rsaenh.dll
0x00007ffaa50a0000 - 0x00007ffaa50c8000 	C:\WINDOWS\SYSTEM32\USERENV.dll
0x00007ffaa5220000 - 0x00007ffaa522c000 	C:\WINDOWS\SYSTEM32\CRYPTBASE.dll
0x00007ffaa44e0000 - 0x00007ffaa450d000 	C:\WINDOWS\SYSTEM32\IPHLPAPI.DLL
0x00007ffaa7040000 - 0x00007ffaa7049000 	C:\WINDOWS\System32\NSI.dll
0x00007ffaa1450000 - 0x00007ffaa1469000 	C:\WINDOWS\SYSTEM32\dhcpcsvc6.DLL
0x00007ffaa1430000 - 0x00007ffaa144f000 	C:\WINDOWS\SYSTEM32\dhcpcsvc.DLL
0x00007ffaa4510000 - 0x00007ffaa4612000 	C:\WINDOWS\SYSTEM32\DNSAPI.dll
0x00007ffa6fbf0000 - 0x00007ffa6fc39000 	C:\Users\PRAWIN\AppData\Local\Temp\jna--1926884131\jna10045824022681673509.dll
0x00007ffaa6680000 - 0x00007ffaa6688000 	C:\WINDOWS\System32\PSAPI.DLL
0x00007ffa8b720000 - 0x00007ffa8b747000 	C:\Users\PRAWIN\.gradle\native\c067742578af261105cb4f569cf0c3c89f3d7b1fecec35dd04571415982c5e48\windows-amd64\native-platform.dll
0x00007ffa8e150000 - 0x00007ffa8e15a000 	C:\Users\PRAWIN\.vscode\extensions\redhat.java-1.38.0-win32-x64\jre\17.0.13-win32-x86_64\bin\management.dll
0x00007ffa8db10000 - 0x00007ffa8db1b000 	C:\Users\PRAWIN\.vscode\extensions\redhat.java-1.38.0-win32-x64\jre\17.0.13-win32-x86_64\bin\management_ext.dll

dbghelp: loaded successfully - version: 4.0.5 - missing functions: none
symbol engine: initialized successfully - sym options: 0x614 - pdb path: .;c:\Users\PRAWIN\.vscode\extensions\redhat.java-1.38.0-win32-x64\jre\17.0.13-win32-x86_64\bin;C:\WINDOWS\SYSTEM32;C:\WINDOWS\WinSxS\amd64_microsoft.windows.common-controls_6595b64144ccf1df_6.0.22621.4541_none_2710d1c57384c085;c:\Users\PRAWIN\.vscode\extensions\redhat.java-1.38.0-win32-x64\jre\17.0.13-win32-x86_64\bin\server;C:\Users\PRAWIN\AppData\Roaming\Code\User\globalStorage\redhat.java\1.38.0\config_win\org.eclipse.equinox.launcher\org.eclipse.equinox.launcher.win32.win32.x86_64_1.2.1100.v20240722-2106;C:\Users\PRAWIN\AppData\Local\Temp\jna--1926884131;C:\Users\PRAWIN\.gradle\native\c067742578af261105cb4f569cf0c3c89f3d7b1fecec35dd04571415982c5e48\windows-amd64

VM Arguments:
jvm_args: --add-modules=ALL-SYSTEM --add-opens=java.base/java.util=ALL-UNNAMED --add-opens=java.base/java.lang=ALL-UNNAMED --add-opens=java.base/sun.nio.fs=ALL-UNNAMED -Declipse.application=org.eclipse.jdt.ls.core.id1 -Dosgi.bundles.defaultStartLevel=4 -Declipse.product=org.eclipse.jdt.ls.core.product -Djava.import.generatesMetadataFilesAtProjectRoot=false -DDetectVMInstallationsJob.disabled=true -Dfile.encoding=utf8 -XX:+UseParallelGC -XX:GCTimeRatio=4 -XX:AdaptiveSizePolicyWeight=90 -Dsun.zip.disableMemoryMapping=true -Xmx1G -Xms100m -Xlog:disable -javaagent:c:\Users\PRAWIN\.vscode\extensions\redhat.java-1.38.0-win32-x64\lombok\lombok-1.18.34.jar -XX:+HeapDumpOnOutOfMemoryError -XX:HeapDumpPath=c:\Users\PRAWIN\AppData\Roaming\Code\User\workspaceStorage\7a26534d3523c22cb72720f6fbb6f5e5\redhat.java -Daether.dependencyCollector.impl=bf 
java_command: c:\Users\PRAWIN\.vscode\extensions\redhat.java-1.38.0-win32-x64\server\plugins\org.eclipse.equinox.launcher_1.6.900.v20240613-2009.jar -configuration c:\Users\PRAWIN\AppData\Roaming\Code\User\globalStorage\redhat.java\1.38.0\config_win -data c:\Users\PRAWIN\AppData\Roaming\Code\User\workspaceStorage\7a26534d3523c22cb72720f6fbb6f5e5\redhat.java\jdt_ws --pipe=\\.\pipe\lsp-e2bc271caf07d92258251023b5130d3a-sock
java_class_path (initial): c:\Users\PRAWIN\.vscode\extensions\redhat.java-1.38.0-win32-x64\server\plugins\org.eclipse.equinox.launcher_1.6.900.v20240613-2009.jar
Launcher Type: SUN_STANDARD

[Global flags]
    uintx AdaptiveSizePolicyWeight                 = 90                                        {product} {command line}
     intx CICompilerCount                          = 4                                         {product} {ergonomic}
    uintx GCTimeRatio                              = 4                                         {product} {command line}
     bool HeapDumpOnOutOfMemoryError               = true                                   {manageable} {command line}
    ccstr HeapDumpPath                             = c:\Users\PRAWIN\AppData\Roaming\Code\User\workspaceStorage\7a26534d3523c22cb72720f6fbb6f5e5\redhat.java         {manageable} {command line}
   size_t InitialHeapSize                          = 104857600                                 {product} {command line}
   size_t MaxHeapSize                              = 1073741824                                {product} {command line}
   size_t MaxNewSize                               = 357564416                                 {product} {ergonomic}
   size_t MinHeapDeltaBytes                        = 524288                                    {product} {ergonomic}
   size_t MinHeapSize                              = 104857600                                 {product} {command line}
   size_t NewSize                                  = 34603008                                  {product} {ergonomic}
    uintx NonNMethodCodeHeapSize                   = 5839372                                {pd product} {ergonomic}
    uintx NonProfiledCodeHeapSize                  = 122909434                              {pd product} {ergonomic}
   size_t OldSize                                  = 70254592                                  {product} {ergonomic}
    uintx ProfiledCodeHeapSize                     = 122909434                              {pd product} {ergonomic}
    uintx ReservedCodeCacheSize                    = 251658240                              {pd product} {ergonomic}
     bool SegmentedCodeCache                       = true                                      {product} {ergonomic}
   size_t SoftMaxHeapSize                          = 1073741824                             {manageable} {ergonomic}
     bool UseCompressedClassPointers               = true                           {product lp64_product} {ergonomic}
     bool UseCompressedOops                        = true                           {product lp64_product} {ergonomic}
     bool UseLargePagesIndividualAllocation        = false                                  {pd product} {ergonomic}
     bool UseParallelGC                            = true                                      {product} {command line}

Logging:
Log output configuration:
 #0: stdout all=off uptime,level,tags
 #1: stderr all=off uptime,level,tags

Environment Variables:
JAVA_HOME=C:\Program Files\Java\jdk-17
PATH=C:\Program Files\Common Files\Oracle\Java\javapath;C:\Program Files\Python310\Scripts\;C:\Program Files\Python310\;C:\Windows\system32;C:\Windows;C:\Windows\System32\Wbem;C:\Windows\System32\WindowsPowerShell\v1.0\;C:\Windows\System32\OpenSSH\;C:\Program Files (x86)\NVIDIA Corporation\PhysX\Common;C:\MinGW\bin;C:\Program Files\NVIDIA Corporation\NVIDIA NvDLISR;C:\Program Files\Git\cmd;C:\WINDOWS\system32;C:\WINDOWS;C:\WINDOWS\System32\Wbem;C:\WINDOWS\System32\WindowsPowerShell\v1.0\;C:\WINDOWS\System32\OpenSSH\;C:\Users\PRAWIN\AppData\Roaming\Python\Python310\site-packages;%LOCALAPPDATA%\Android\Sdk\platform-tools;%LOCALAPPDATA%\Android\Sdk\platform-tools;C:\Users\PRAWIN\AppData\Roaming\npm;C:\Program Files\nodejs\;C:\Program Files\Java\jdk-17\bin;C:\Users\PRAWIN\AppData\Local\Microsoft\WindowsApps;C:\Users\PRAWIN\AppData\Local\Programs\Microsoft VS Code\bin;C:\Windows\System32;C:\Program Files\nodejs\;C:\Users\PRAWIN\AppData\Roaming\npm;C:\Windows\System32\;C:\Program Files\Java\jdk-17\bin;
USERNAME=PRAWIN
OS=Windows_NT
PROCESSOR_IDENTIFIER=Intel64 Family 6 Model 140 Stepping 2, GenuineIntel
TMP=C:\Users\PRAWIN\AppData\Local\Temp
TEMP=C:\Users\PRAWIN\AppData\Local\Temp



Periodic native trim disabled


---------------  S Y S T E M  ---------------

OS:
 Windows 11 , 64 bit Build 22621 (10.0.22621.4391)
OS uptime: 0 days 14:45 hours
Hyper-V role detected

CPU: total 8 (initial active 8) (4 cores per cpu, 2 threads per core) family 6 model 140 stepping 2 microcode 0x16, cx8, cmov, fxsr, ht, mmx, 3dnowpref, sse, sse2, sse3, ssse3, sse4.1, sse4.2, popcnt, lzcnt, tsc, tscinvbit, avx, avx2, aes, erms, clmul, bmi1, bmi2, adx, avx512f, avx512dq, avx512cd, avx512bw, avx512vl, sha, fma, vzeroupper, avx512_vpopcntdq, avx512_vpclmulqdq, avx512_vaes, avx512_vnni, clflush, clflushopt, clwb, avx512_vbmi2, avx512_vbmi, hv
Processor Information for all 8 processors :
  Max Mhz: 3187, Current Mhz: 3187, Mhz Limit: 3187

Memory: 4k page, system-wide physical 7975M (185M free)
TotalPageFile size 28583M (AvailPageFile size 1M)
current process WorkingSet (physical memory assigned to process): 496M, peak: 497M
current process commit charge ("private bytes"): 533M, peak: 539M

vm_info: OpenJDK 64-Bit Server VM (17.0.13+11) for windows-amd64 JRE (17.0.13+11), built on Oct 16 2024 00:10:08 by "admin" with MS VC++ 17.7 (VS2022)

END.
